2021-06-27 14:05:29 | [INFO]    | Discordia 2.9.1
2021-06-27 14:05:29 | [INFO]    | Connecting to Discord...
2021-06-27 14:05:30 | [ERROR]   | 401 - Unauthorized : GET https://discord.com/api/v7/users/@me
2021-06-27 14:05:30 | [ERROR]   | Could not authenticate, check token: HTTP Error 0 : 401: Unauthorized
2021-06-27 14:06:45 | [INFO]    | Discordia 2.9.1
2021-06-27 14:06:45 | [INFO]    | Connecting to Discord...
2021-06-27 14:06:46 | [INFO]    | Authenticated as lua_bot#2020
2021-06-27 14:06:46 | [INFO]    | Launching shard 0 (1 out of 1)...
2021-06-27 14:06:47 | [INFO]    | Shard 0 : Connected to wss://gateway.discord.gg
2021-06-27 14:06:47 | [INFO]    | Shard 0 : Received HELLO
2021-06-27 14:06:47 | [INFO]    | Shard 0 : Received READY
2021-06-27 14:08:09 | [INFO]    | Discordia 2.9.1
2021-06-27 14:08:09 | [INFO]    | Connecting to Discord...
2021-06-27 14:08:09 | [INFO]    | Authenticated as lua_bot#2020
2021-06-27 14:08:09 | [INFO]    | Launching shard 0 (1 out of 1)...
2021-06-27 14:08:10 | [INFO]    | Shard 0 : Connected to wss://gateway.discord.gg
2021-06-27 14:08:10 | [INFO]    | Shard 0 : Received HELLO
2021-06-27 14:08:10 | [INFO]    | Shard 0 : Received READY
2021-06-27 14:08:32 | [INFO]    | Discordia 2.9.1
2021-06-27 14:08:32 | [INFO]    | Connecting to Discord...
2021-06-27 14:08:33 | [INFO]    | Authenticated as lua_bot#2020
2021-06-27 14:08:33 | [INFO]    | Launching shard 0 (1 out of 1)...
2021-06-27 14:08:33 | [INFO]    | Shard 0 : Connected to wss://gateway.discord.gg
2021-06-27 14:08:33 | [INFO]    | Shard 0 : Received HELLO
2021-06-27 14:08:33 | [INFO]    | Shard 0 : Received READY
2021-06-27 14:08:57 | [INFO]    | Discordia 2.9.1
2021-06-27 14:08:57 | [INFO]    | Connecting to Discord...
2021-06-27 14:08:58 | [INFO]    | Authenticated as lua_bot#2020
2021-06-27 14:08:58 | [INFO]    | Launching shard 0 (1 out of 1)...
2021-06-27 14:08:58 | [INFO]    | Shard 0 : Connected to wss://gateway.discord.gg
2021-06-27 14:08:58 | [INFO]    | Shard 0 : Received HELLO
2021-06-27 14:08:58 | [INFO]    | Shard 0 : Received READY
2021-06-27 14:09:41 | [INFO]    | Discordia 2.9.1
2021-06-27 14:09:41 | [INFO]    | Connecting to Discord...
2021-06-27 14:09:42 | [INFO]    | Authenticated as lua_bot#2020
2021-06-27 14:09:42 | [INFO]    | Launching shard 0 (1 out of 1)...
2021-06-27 14:09:42 | [INFO]    | Shard 0 : Connected to wss://gateway.discord.gg
2021-06-27 14:09:42 | [INFO]    | Shard 0 : Received HELLO
2021-06-27 14:09:43 | [INFO]    | Shard 0 : Received READY
2021-06-27 14:17:21 | [INFO]    | Discordia 2.9.1
2021-06-27 14:17:21 | [INFO]    | Connecting to Discord...
2021-06-27 14:17:22 | [INFO]    | Authenticated as lua_bot#2020
2021-06-27 14:17:22 | [INFO]    | Launching shard 0 (1 out of 1)...
2021-06-27 14:17:23 | [INFO]    | Shard 0 : Connected to wss://gateway.discord.gg
2021-06-27 14:17:23 | [INFO]    | Shard 0 : Received HELLO
2021-06-27 14:17:23 | [INFO]    | Shard 0 : Received READY
2021-06-27 14:18:29 | [INFO]    | Discordia 2.9.1
2021-06-27 14:18:29 | [INFO]    | Connecting to Discord...
2021-06-27 14:18:30 | [INFO]    | Authenticated as lua_bot#2020
2021-06-27 14:18:30 | [INFO]    | Launching shard 0 (1 out of 1)...
2021-06-27 14:18:30 | [INFO]    | Shard 0 : Connected to wss://gateway.discord.gg
2021-06-27 14:18:30 | [INFO]    | Shard 0 : Received HELLO
2021-06-27 14:18:31 | [INFO]    | Shard 0 : Received READY
2021-06-27 14:21:20 | [INFO]    | Discordia 2.9.1
2021-06-27 14:21:20 | [INFO]    | Connecting to Discord...
2021-06-27 14:21:21 | [INFO]    | Authenticated as lua_bot#2020
2021-06-27 14:21:21 | [INFO]    | Launching shard 0 (1 out of 1)...
2021-06-27 14:21:21 | [INFO]    | Shard 0 : Connected to wss://gateway.discord.gg
2021-06-27 14:21:21 | [INFO]    | Shard 0 : Received HELLO
2021-06-27 14:21:21 | [INFO]    | Shard 0 : Received READY
2021-06-27 14:22:57 | [INFO]    | Discordia 2.9.1
2021-06-27 14:22:57 | [INFO]    | Connecting to Discord...
2021-06-27 14:22:57 | [INFO]    | Authenticated as lua_bot#2020
2021-06-27 14:22:57 | [INFO]    | Launching shard 0 (1 out of 1)...
2021-06-27 14:22:58 | [INFO]    | Shard 0 : Connected to wss://gateway.discord.gg
2021-06-27 14:22:58 | [INFO]    | Shard 0 : Received HELLO
2021-06-27 14:22:58 | [INFO]    | Shard 0 : Received READY
2021-06-27 14:24:13 | [INFO]    | Discordia 2.9.1
2021-06-27 14:24:13 | [INFO]    | Connecting to Discord...
2021-06-27 14:24:13 | [INFO]    | Authenticated as lua_bot#2020
2021-06-27 14:24:13 | [INFO]    | Launching shard 0 (1 out of 1)...
2021-06-27 14:24:14 | [INFO]    | Shard 0 : Connected to wss://gateway.discord.gg
2021-06-27 14:24:14 | [INFO]    | Shard 0 : Received HELLO
2021-06-27 14:24:14 | [INFO]    | Shard 0 : Received READY
2021-06-27 14:24:54 | [INFO]    | Discordia 2.9.1
2021-06-27 14:24:54 | [INFO]    | Connecting to Discord...
2021-06-27 14:24:55 | [INFO]    | Authenticated as lua_bot#2020
2021-06-27 14:24:55 | [INFO]    | Launching shard 0 (1 out of 1)...
2021-06-27 14:24:55 | [INFO]    | Shard 0 : Connected to wss://gateway.discord.gg
2021-06-27 14:24:55 | [INFO]    | Shard 0 : Received HELLO
2021-06-27 14:24:55 | [INFO]    | Shard 0 : Received READY
2021-06-27 14:25:27 | [INFO]    | Discordia 2.9.1
2021-06-27 14:25:27 | [INFO]    | Connecting to Discord...
2021-06-27 14:25:27 | [INFO]    | Authenticated as lua_bot#2020
2021-06-27 14:25:27 | [INFO]    | Launching shard 0 (1 out of 1)...
2021-06-27 14:25:28 | [INFO]    | Shard 0 : Connected to wss://gateway.discord.gg
2021-06-27 14:25:28 | [INFO]    | Shard 0 : Received HELLO
2021-06-27 14:25:28 | [INFO]    | Shard 0 : Received READY
2021-06-27 14:26:52 | [INFO]    | Discordia 2.9.1
2021-06-27 14:26:52 | [INFO]    | Connecting to Discord...
2021-06-27 14:26:53 | [INFO]    | Authenticated as lua_bot#2020
2021-06-27 14:26:53 | [INFO]    | Launching shard 0 (1 out of 1)...
2021-06-27 14:26:54 | [INFO]    | Shard 0 : Connected to wss://gateway.discord.gg
2021-06-27 14:26:54 | [INFO]    | Shard 0 : Received HELLO
2021-06-27 14:26:54 | [INFO]    | Shard 0 : Received READY
2021-06-27 14:27:45 | [INFO]    | Discordia 2.9.1
2021-06-27 14:27:45 | [INFO]    | Connecting to Discord...
2021-06-27 14:27:45 | [INFO]    | Authenticated as lua_bot#2020
2021-06-27 14:27:45 | [INFO]    | Launching shard 0 (1 out of 1)...
2021-06-27 14:27:46 | [INFO]    | Shard 0 : Connected to wss://gateway.discord.gg
2021-06-27 14:27:46 | [INFO]    | Shard 0 : Received HELLO
2021-06-27 14:27:46 | [INFO]    | Shard 0 : Received READY
2021-06-27 14:32:49 | [INFO]    | Discordia 2.9.1
2021-06-27 14:32:49 | [INFO]    | Connecting to Discord...
2021-06-27 14:32:50 | [INFO]    | Authenticated as lua_bot#2020
2021-06-27 14:32:50 | [INFO]    | Launching shard 0 (1 out of 1)...
2021-06-27 14:32:51 | [INFO]    | Shard 0 : Connected to wss://gateway.discord.gg
2021-06-27 14:32:51 | [INFO]    | Shard 0 : Received HELLO
2021-06-27 14:32:51 | [INFO]    | Shard 0 : Received READY
2021-06-27 14:33:35 | [INFO]    | Discordia 2.9.1
2021-06-27 14:33:35 | [INFO]    | Connecting to Discord...
2021-06-27 14:33:35 | [INFO]    | Authenticated as lua_bot#2020
2021-06-27 14:33:35 | [INFO]    | Launching shard 0 (1 out of 1)...
2021-06-27 14:33:35 | [INFO]    | Shard 0 : Connected to wss://gateway.discord.gg
2021-06-27 14:33:35 | [INFO]    | Shard 0 : Received HELLO
2021-06-27 14:33:36 | [INFO]    | Shard 0 : Received READY
2021-06-27 14:34:45 | [INFO]    | Discordia 2.9.1
2021-06-27 14:34:45 | [INFO]    | Connecting to Discord...
2021-06-27 14:34:46 | [INFO]    | Authenticated as lua_bot#2020
2021-06-27 14:34:46 | [INFO]    | Launching shard 0 (1 out of 1)...
2021-06-27 14:34:46 | [INFO]    | Shard 0 : Connected to wss://gateway.discord.gg
2021-06-27 14:34:46 | [INFO]    | Shard 0 : Received HELLO
2021-06-27 14:34:47 | [INFO]    | Shard 0 : Received READY
2021-06-27 14:36:09 | [INFO]    | Discordia 2.9.1
2021-06-27 14:36:09 | [INFO]    | Connecting to Discord...
2021-06-27 14:36:14 | [INFO]    | Authenticated as lua_bot#2020
2021-06-27 14:36:14 | [INFO]    | Launching shard 0 (1 out of 1)...
2021-06-27 14:36:15 | [INFO]    | Shard 0 : Connected to wss://gateway.discord.gg
2021-06-27 14:36:15 | [INFO]    | Shard 0 : Received HELLO
2021-06-27 14:36:15 | [INFO]    | Shard 0 : Received READY
2021-06-27 14:38:15 | [INFO]    | Discordia 2.9.1
2021-06-27 14:38:15 | [INFO]    | Connecting to Discord...
2021-06-27 14:38:16 | [INFO]    | Authenticated as lua_bot#2020
2021-06-27 14:38:16 | [INFO]    | Launching shard 0 (1 out of 1)...
2021-06-27 14:38:17 | [INFO]    | Shard 0 : Connected to wss://gateway.discord.gg
2021-06-27 14:38:17 | [INFO]    | Shard 0 : Received HELLO
2021-06-27 14:38:17 | [INFO]    | Shard 0 : Received READY
2021-06-27 14:38:35 | [INFO]    | Discordia 2.9.1
2021-06-27 14:38:35 | [INFO]    | Connecting to Discord...
2021-06-27 14:38:36 | [INFO]    | Authenticated as lua_bot#2020
2021-06-27 14:38:36 | [INFO]    | Launching shard 0 (1 out of 1)...
2021-06-27 14:38:36 | [INFO]    | Shard 0 : Connected to wss://gateway.discord.gg
2021-06-27 14:38:36 | [INFO]    | Shard 0 : Received HELLO
2021-06-27 14:38:37 | [INFO]    | Shard 0 : Received READY
2021-06-27 14:38:51 | [INFO]    | Discordia 2.9.1
2021-06-27 14:38:51 | [INFO]    | Connecting to Discord...
2021-06-27 14:38:54 | [INFO]    | Authenticated as lua_bot#2020
2021-06-27 14:38:54 | [INFO]    | Launching shard 0 (1 out of 1)...
2021-06-27 14:38:55 | [INFO]    | Shard 0 : Connected to wss://gateway.discord.gg
2021-06-27 14:38:55 | [INFO]    | Shard 0 : Received HELLO
2021-06-27 14:38:56 | [INFO]    | Shard 0 : Received READY
2021-06-27 14:39:59 | [INFO]    | Discordia 2.9.1
2021-06-27 14:39:59 | [INFO]    | Connecting to Discord...
2021-06-27 14:40:05 | [INFO]    | Authenticated as lua_bot#2020
2021-06-27 14:40:05 | [INFO]    | Launching shard 0 (1 out of 1)...
2021-06-27 14:40:07 | [INFO]    | Shard 0 : Connected to wss://gateway.discord.gg
2021-06-27 14:40:07 | [INFO]    | Shard 0 : Received HELLO
2021-06-27 14:40:09 | [INFO]    | Shard 0 : Received READY
2021-06-27 14:40:39 | [INFO]    | Discordia 2.9.1
2021-06-27 14:40:39 | [INFO]    | Connecting to Discord...
2021-06-27 14:40:40 | [INFO]    | Authenticated as lua_bot#2020
2021-06-27 14:40:40 | [INFO]    | Launching shard 0 (1 out of 1)...
2021-06-27 14:40:40 | [INFO]    | Shard 0 : Connected to wss://gateway.discord.gg
2021-06-27 14:40:40 | [INFO]    | Shard 0 : Received HELLO
2021-06-27 14:40:40 | [INFO]    | Shard 0 : Received READY
2021-06-27 14:41:16 | [INFO]    | Discordia 2.9.1
2021-06-27 14:41:16 | [INFO]    | Connecting to Discord...
2021-06-27 14:41:22 | [INFO]    | Authenticated as lua_bot#2020
2021-06-27 14:41:22 | [INFO]    | Launching shard 0 (1 out of 1)...
2021-06-27 14:41:23 | [INFO]    | Shard 0 : Connected to wss://gateway.discord.gg
2021-06-27 14:41:23 | [INFO]    | Shard 0 : Received HELLO
2021-06-27 14:41:24 | [INFO]    | Shard 0 : Received READY
2021-06-27 14:41:56 | [INFO]    | Discordia 2.9.1
2021-06-27 14:41:56 | [INFO]    | Connecting to Discord...
2021-06-27 14:41:58 | [INFO]    | Authenticated as lua_bot#2020
2021-06-27 14:41:58 | [INFO]    | Launching shard 0 (1 out of 1)...
2021-06-27 14:41:58 | [INFO]    | Shard 0 : Connected to wss://gateway.discord.gg
2021-06-27 14:41:58 | [INFO]    | Shard 0 : Received HELLO
2021-06-27 14:41:58 | [INFO]    | Shard 0 : Received READY
2021-06-27 14:46:43 | [INFO]    | Discordia 2.9.1
2021-06-27 14:46:43 | [INFO]    | Connecting to Discord...
2021-06-27 14:46:43 | [INFO]    | Authenticated as lua_bot#2020
2021-06-27 14:46:43 | [INFO]    | Launching shard 0 (1 out of 1)...
2021-06-27 14:46:44 | [INFO]    | Shard 0 : Connected to wss://gateway.discord.gg
2021-06-27 14:46:44 | [INFO]    | Shard 0 : Received HELLO
2021-06-27 14:46:44 | [INFO]    | Shard 0 : Received READY
2021-06-27 14:49:32 | [INFO]    | Discordia 2.9.1
2021-06-27 14:49:32 | [INFO]    | Connecting to Discord...
2021-06-27 14:49:32 | [INFO]    | Authenticated as lua_bot#2020
2021-06-27 14:49:32 | [INFO]    | Launching shard 0 (1 out of 1)...
2021-06-27 14:49:33 | [INFO]    | Shard 0 : Connected to wss://gateway.discord.gg
2021-06-27 14:49:33 | [INFO]    | Shard 0 : Received HELLO
2021-06-27 14:49:33 | [INFO]    | Shard 0 : Received READY
2021-06-27 14:50:50 | [INFO]    | Discordia 2.9.1
2021-06-27 14:50:50 | [INFO]    | Connecting to Discord...
2021-06-27 14:50:51 | [INFO]    | Authenticated as lua_bot#2020
2021-06-27 14:50:51 | [INFO]    | Launching shard 0 (1 out of 1)...
2021-06-27 14:50:51 | [INFO]    | Shard 0 : Connected to wss://gateway.discord.gg
2021-06-27 14:50:51 | [INFO]    | Shard 0 : Received HELLO
2021-06-27 14:50:52 | [INFO]    | Shard 0 : Received READY
2021-06-27 14:51:24 | [INFO]    | Discordia 2.9.1
2021-06-27 14:51:24 | [INFO]    | Connecting to Discord...
2021-06-27 14:51:24 | [INFO]    | Authenticated as lua_bot#2020
2021-06-27 14:51:24 | [INFO]    | Launching shard 0 (1 out of 1)...
2021-06-27 14:51:25 | [INFO]    | Shard 0 : Connected to wss://gateway.discord.gg
2021-06-27 14:51:25 | [INFO]    | Shard 0 : Received HELLO
2021-06-27 14:51:25 | [INFO]    | Shard 0 : Received READY
2021-06-27 14:51:51 | [INFO]    | Discordia 2.9.1
2021-06-27 14:51:51 | [INFO]    | Connecting to Discord...
2021-06-27 14:51:51 | [INFO]    | Authenticated as lua_bot#2020
2021-06-27 14:51:51 | [INFO]    | Launching shard 0 (1 out of 1)...
2021-06-27 14:51:52 | [INFO]    | Shard 0 : Connected to wss://gateway.discord.gg
2021-06-27 14:51:52 | [INFO]    | Shard 0 : Received HELLO
2021-06-27 14:51:52 | [INFO]    | Shard 0 : Received READY
2021-06-27 14:53:10 | [INFO]    | Discordia 2.9.1
2021-06-27 14:53:10 | [INFO]    | Connecting to Discord...
2021-06-27 14:53:10 | [INFO]    | Authenticated as lua_bot#2020
2021-06-27 14:53:10 | [INFO]    | Launching shard 0 (1 out of 1)...
2021-06-27 14:53:11 | [INFO]    | Shard 0 : Connected to wss://gateway.discord.gg
2021-06-27 14:53:11 | [INFO]    | Shard 0 : Received HELLO
2021-06-27 14:53:11 | [INFO]    | Shard 0 : Received READY
2021-06-27 14:55:29 | [INFO]    | Discordia 2.9.1
2021-06-27 14:55:29 | [INFO]    | Connecting to Discord...
2021-06-27 14:55:30 | [INFO]    | Authenticated as lua_bot#2020
2021-06-27 14:55:30 | [INFO]    | Launching shard 0 (1 out of 1)...
2021-06-27 14:55:30 | [INFO]    | Shard 0 : Connected to wss://gateway.discord.gg
2021-06-27 14:55:30 | [INFO]    | Shard 0 : Received HELLO
2021-06-27 14:55:31 | [INFO]    | Shard 0 : Received READY
2021-06-27 14:56:04 | [INFO]    | Discordia 2.9.1
2021-06-27 14:56:04 | [INFO]    | Connecting to Discord...
2021-06-27 14:56:04 | [INFO]    | Authenticated as lua_bot#2020
2021-06-27 14:56:04 | [INFO]    | Launching shard 0 (1 out of 1)...
2021-06-27 14:56:05 | [INFO]    | Shard 0 : Connected to wss://gateway.discord.gg
2021-06-27 14:56:05 | [INFO]    | Shard 0 : Received HELLO
2021-06-27 14:56:05 | [INFO]    | Shard 0 : Received READY
2021-06-27 14:56:20 | [INFO]    | Discordia 2.9.1
2021-06-27 14:56:20 | [INFO]    | Connecting to Discord...
2021-06-27 14:56:21 | [INFO]    | Authenticated as lua_bot#2020
2021-06-27 14:56:21 | [INFO]    | Launching shard 0 (1 out of 1)...
2021-06-27 14:56:21 | [INFO]    | Shard 0 : Connected to wss://gateway.discord.gg
2021-06-27 14:56:21 | [INFO]    | Shard 0 : Received HELLO
2021-06-27 14:56:21 | [INFO]    | Shard 0 : Received READY
2021-06-27 14:56:38 | [INFO]    | Discordia 2.9.1
2021-06-27 14:56:38 | [INFO]    | Connecting to Discord...
2021-06-27 14:56:39 | [INFO]    | Authenticated as lua_bot#2020
2021-06-27 14:56:39 | [INFO]    | Launching shard 0 (1 out of 1)...
2021-06-27 14:56:39 | [INFO]    | Shard 0 : Connected to wss://gateway.discord.gg
2021-06-27 14:56:39 | [INFO]    | Shard 0 : Received HELLO
2021-06-27 14:56:40 | [INFO]    | Shard 0 : Received READY
2021-06-27 14:56:56 | [INFO]    | Discordia 2.9.1
2021-06-27 14:56:56 | [INFO]    | Connecting to Discord...
2021-06-27 14:56:56 | [INFO]    | Authenticated as lua_bot#2020
2021-06-27 14:56:56 | [INFO]    | Launching shard 0 (1 out of 1)...
2021-06-27 14:56:56 | [INFO]    | Shard 0 : Connected to wss://gateway.discord.gg
2021-06-27 14:56:56 | [INFO]    | Shard 0 : Received HELLO
2021-06-27 14:56:57 | [INFO]    | Shard 0 : Received READY
2021-06-27 14:59:31 | [INFO]    | Discordia 2.9.1
2021-06-27 14:59:31 | [INFO]    | Connecting to Discord...
2021-06-27 14:59:32 | [INFO]    | Authenticated as lua_bot#2020
2021-06-27 14:59:32 | [INFO]    | Launching shard 0 (1 out of 1)...
2021-06-27 14:59:32 | [INFO]    | Shard 0 : Connected to wss://gateway.discord.gg
2021-06-27 14:59:32 | [INFO]    | Shard 0 : Received HELLO
2021-06-27 14:59:33 | [INFO]    | Shard 0 : Received READY
2021-06-27 15:00:13 | [INFO]    | Discordia 2.9.1
2021-06-27 15:00:13 | [INFO]    | Connecting to Discord...
2021-06-27 15:00:14 | [INFO]    | Authenticated as lua_bot#2020
2021-06-27 15:00:14 | [INFO]    | Launching shard 0 (1 out of 1)...
2021-06-27 15:00:15 | [INFO]    | Shard 0 : Connected to wss://gateway.discord.gg
2021-06-27 15:00:15 | [INFO]    | Shard 0 : Received HELLO
2021-06-27 15:00:15 | [INFO]    | Shard 0 : Received READY
2021-06-27 15:01:49 | [INFO]    | Discordia 2.9.1
2021-06-27 15:01:49 | [INFO]    | Connecting to Discord...
2021-06-27 15:01:49 | [INFO]    | Authenticated as lua_bot#2020
2021-06-27 15:01:49 | [INFO]    | Launching shard 0 (1 out of 1)...
2021-06-27 15:01:50 | [INFO]    | Shard 0 : Connected to wss://gateway.discord.gg
2021-06-27 15:01:50 | [INFO]    | Shard 0 : Received HELLO
2021-06-27 15:01:50 | [INFO]    | Shard 0 : Received READY
2021-06-27 15:01:53 | [ERROR]   | 400 - Bad Request : POST https://discord.com/api/v7/channels/621078747491336214/messages
2021-06-27 15:02:47 | [INFO]    | Discordia 2.9.1
2021-06-27 15:02:47 | [INFO]    | Connecting to Discord...
2021-06-27 15:02:47 | [INFO]    | Authenticated as lua_bot#2020
2021-06-27 15:02:47 | [INFO]    | Launching shard 0 (1 out of 1)...
2021-06-27 15:02:47 | [INFO]    | Shard 0 : Connected to wss://gateway.discord.gg
2021-06-27 15:02:47 | [INFO]    | Shard 0 : Received HELLO
2021-06-27 15:02:48 | [INFO]    | Shard 0 : Received READY
2021-06-27 15:12:08 | [INFO]    | Discordia 2.9.1
2021-06-27 15:12:08 | [INFO]    | Connecting to Discord...
2021-06-27 15:12:08 | [INFO]    | Authenticated as lua_bot#2020
2021-06-27 15:12:09 | [INFO]    | Launching shard 0 (1 out of 1)...
2021-06-27 15:12:09 | [INFO]    | Shard 0 : Connected to wss://gateway.discord.gg
2021-06-27 15:12:09 | [INFO]    | Shard 0 : Received HELLO
2021-06-27 15:12:10 | [INFO]    | Shard 0 : Received READY
2021-06-27 15:12:42 | [INFO]    | Discordia 2.9.1
2021-06-27 15:12:42 | [INFO]    | Connecting to Discord...
2021-06-27 15:12:42 | [INFO]    | Authenticated as lua_bot#2020
2021-06-27 15:12:42 | [INFO]    | Launching shard 0 (1 out of 1)...
2021-06-27 15:12:43 | [INFO]    | Shard 0 : Connected to wss://gateway.discord.gg
2021-06-27 15:12:43 | [INFO]    | Shard 0 : Received HELLO
2021-06-27 15:12:43 | [INFO]    | Shard 0 : Received READY
2021-06-27 15:14:45 | [INFO]    | Discordia 2.9.1
2021-06-27 15:14:45 | [INFO]    | Connecting to Discord...
2021-06-27 15:14:46 | [INFO]    | Authenticated as lua_bot#2020
2021-06-27 15:14:46 | [INFO]    | Launching shard 0 (1 out of 1)...
2021-06-27 15:14:46 | [INFO]    | Shard 0 : Connected to wss://gateway.discord.gg
2021-06-27 15:14:46 | [INFO]    | Shard 0 : Received HELLO
2021-06-27 15:14:47 | [INFO]    | Shard 0 : Received READY
2021-06-27 15:16:23 | [INFO]    | Discordia 2.9.1
2021-06-27 15:16:23 | [INFO]    | Connecting to Discord...
2021-06-27 15:16:23 | [INFO]    | Authenticated as lua_bot#2020
2021-06-27 15:16:23 | [INFO]    | Launching shard 0 (1 out of 1)...
2021-06-27 15:16:24 | [INFO]    | Shard 0 : Connected to wss://gateway.discord.gg
2021-06-27 15:16:24 | [INFO]    | Shard 0 : Received HELLO
2021-06-27 15:16:24 | [INFO]    | Shard 0 : Received READY
2021-06-27 15:17:26 | [INFO]    | Discordia 2.9.1
2021-06-27 15:17:26 | [INFO]    | Connecting to Discord...
2021-06-27 15:17:27 | [INFO]    | Authenticated as lua_bot#2020
2021-06-27 15:17:27 | [INFO]    | Launching shard 0 (1 out of 1)...
2021-06-27 15:17:27 | [INFO]    | Shard 0 : Connected to wss://gateway.discord.gg
2021-06-27 15:17:27 | [INFO]    | Shard 0 : Received HELLO
2021-06-27 15:17:27 | [INFO]    | Shard 0 : Received READY
2021-06-27 15:18:26 | [INFO]    | Discordia 2.9.1
2021-06-27 15:18:26 | [INFO]    | Connecting to Discord...
2021-06-27 15:18:26 | [INFO]    | Authenticated as lua_bot#2020
2021-06-27 15:18:26 | [INFO]    | Launching shard 0 (1 out of 1)...
2021-06-27 15:18:27 | [INFO]    | Shard 0 : Connected to wss://gateway.discord.gg
2021-06-27 15:18:27 | [INFO]    | Shard 0 : Received HELLO
2021-06-27 15:18:27 | [INFO]    | Shard 0 : Received READY
2021-06-27 15:20:39 | [INFO]    | Discordia 2.9.1
2021-06-27 15:20:39 | [INFO]    | Connecting to Discord...
2021-06-27 15:20:40 | [INFO]    | Authenticated as lua_bot#2020
2021-06-27 15:20:40 | [INFO]    | Launching shard 0 (1 out of 1)...
2021-06-27 15:20:41 | [INFO]    | Shard 0 : Connected to wss://gateway.discord.gg
2021-06-27 15:20:41 | [INFO]    | Shard 0 : Received HELLO
2021-06-27 15:20:41 | [INFO]    | Shard 0 : Received READY
2021-06-27 15:22:00 | [INFO]    | Discordia 2.9.1
2021-06-27 15:22:00 | [INFO]    | Connecting to Discord...
2021-06-27 15:22:01 | [INFO]    | Authenticated as lua_bot#2020
2021-06-27 15:22:01 | [INFO]    | Launching shard 0 (1 out of 1)...
2021-06-27 15:22:01 | [INFO]    | Shard 0 : Connected to wss://gateway.discord.gg
2021-06-27 15:22:01 | [INFO]    | Shard 0 : Received HELLO
2021-06-27 15:22:01 | [INFO]    | Shard 0 : Received READY
2021-06-27 15:25:04 | [INFO]    | Discordia 2.9.1
2021-06-27 15:25:04 | [INFO]    | Connecting to Discord...
2021-06-27 15:25:05 | [INFO]    | Authenticated as lua_bot#2020
2021-06-27 15:25:05 | [INFO]    | Launching shard 0 (1 out of 1)...
2021-06-27 15:25:05 | [INFO]    | Shard 0 : Connected to wss://gateway.discord.gg
2021-06-27 15:25:05 | [INFO]    | Shard 0 : Received HELLO
2021-06-27 15:25:05 | [INFO]    | Shard 0 : Received READY
2021-06-27 15:28:00 | [INFO]    | Discordia 2.9.1
2021-06-27 15:28:00 | [INFO]    | Connecting to Discord...
2021-06-27 15:28:00 | [INFO]    | Authenticated as lua_bot#2020
2021-06-27 15:28:00 | [INFO]    | Launching shard 0 (1 out of 1)...
2021-06-27 15:28:01 | [INFO]    | Shard 0 : Connected to wss://gateway.discord.gg
2021-06-27 15:28:01 | [INFO]    | Shard 0 : Received HELLO
2021-06-27 15:28:01 | [INFO]    | Shard 0 : Received READY
2021-06-27 15:28:17 | [INFO]    | Discordia 2.9.1
2021-06-27 15:28:17 | [INFO]    | Connecting to Discord...
2021-06-27 15:28:18 | [INFO]    | Authenticated as lua_bot#2020
2021-06-27 15:28:18 | [INFO]    | Launching shard 0 (1 out of 1)...
2021-06-27 15:28:18 | [INFO]    | Shard 0 : Connected to wss://gateway.discord.gg
2021-06-27 15:28:18 | [INFO]    | Shard 0 : Received HELLO
2021-06-27 15:28:18 | [INFO]    | Shard 0 : Received READY
2021-06-27 15:30:53 | [INFO]    | Discordia 2.9.1
2021-06-27 15:30:53 | [INFO]    | Connecting to Discord...
2021-06-27 15:30:54 | [INFO]    | Authenticated as lua_bot#2020
2021-06-27 15:30:54 | [INFO]    | Launching shard 0 (1 out of 1)...
2021-06-27 15:30:54 | [INFO]    | Shard 0 : Connected to wss://gateway.discord.gg
2021-06-27 15:30:54 | [INFO]    | Shard 0 : Received HELLO
2021-06-27 15:30:54 | [INFO]    | Shard 0 : Received READY
2021-06-27 15:32:03 | [INFO]    | Discordia 2.9.1
2021-06-27 15:32:03 | [INFO]    | Connecting to Discord...
2021-06-27 15:32:04 | [INFO]    | Authenticated as lua_bot#2020
2021-06-27 15:32:04 | [INFO]    | Launching shard 0 (1 out of 1)...
2021-06-27 15:32:04 | [INFO]    | Shard 0 : Connected to wss://gateway.discord.gg
2021-06-27 15:32:04 | [INFO]    | Shard 0 : Received HELLO
2021-06-27 15:32:04 | [INFO]    | Shard 0 : Received READY
2021-06-27 15:34:03 | [INFO]    | Discordia 2.9.1
2021-06-27 15:34:03 | [INFO]    | Connecting to Discord...
2021-06-27 15:34:03 | [INFO]    | Authenticated as lua_bot#2020
2021-06-27 15:34:03 | [INFO]    | Launching shard 0 (1 out of 1)...
2021-06-27 15:34:04 | [INFO]    | Shard 0 : Connected to wss://gateway.discord.gg
2021-06-27 15:34:04 | [INFO]    | Shard 0 : Received HELLO
2021-06-27 15:34:04 | [INFO]    | Shard 0 : Received READY
2021-06-27 15:34:08 | [INFO]    | Shard 0 : Disconnected
2021-06-27 15:34:43 | [INFO]    | Discordia 2.9.1
2021-06-27 15:34:43 | [INFO]    | Connecting to Discord...
2021-06-27 15:34:44 | [INFO]    | Authenticated as lua_bot#2020
2021-06-27 15:34:44 | [INFO]    | Launching shard 0 (1 out of 1)...
2021-06-27 15:34:44 | [INFO]    | Shard 0 : Connected to wss://gateway.discord.gg
2021-06-27 15:34:44 | [INFO]    | Shard 0 : Received HELLO
2021-06-27 15:34:44 | [INFO]    | Shard 0 : Received READY
2021-06-28 01:06:19 | [INFO]    | Discordia 2.9.1
2021-06-28 01:06:19 | [INFO]    | Connecting to Discord...
2021-06-28 01:06:20 | [INFO]    | Authenticated as lua_bot#2020
2021-06-28 01:06:21 | [INFO]    | Launching shard 0 (1 out of 1)...
2021-06-28 01:06:21 | [INFO]    | Shard 0 : Connected to wss://gateway.discord.gg
2021-06-28 01:06:21 | [INFO]    | Shard 0 : Received HELLO
2021-06-28 01:06:21 | [INFO]    | Shard 0 : Received READY
2021-06-28 01:14:23 | [INFO]    | Discordia 2.9.1
2021-06-28 01:14:23 | [INFO]    | Connecting to Discord...
2021-06-28 01:14:24 | [INFO]    | Authenticated as lua_bot#2020
2021-06-28 01:14:24 | [INFO]    | Launching shard 0 (1 out of 1)...
2021-06-28 01:14:25 | [INFO]    | Shard 0 : Connected to wss://gateway.discord.gg
2021-06-28 01:14:25 | [INFO]    | Shard 0 : Received HELLO
2021-06-28 01:14:25 | [INFO]    | Shard 0 : Received READY
2021-06-28 01:16:39 | [INFO]    | Discordia 2.9.1
2021-06-28 01:16:39 | [INFO]    | Connecting to Discord...
2021-06-28 01:16:40 | [INFO]    | Authenticated as lua_bot#2020
2021-06-28 01:16:40 | [INFO]    | Launching shard 0 (1 out of 1)...
2021-06-28 01:16:40 | [INFO]    | Shard 0 : Connected to wss://gateway.discord.gg
2021-06-28 01:16:40 | [INFO]    | Shard 0 : Received HELLO
2021-06-28 01:16:41 | [INFO]    | Shard 0 : Received READY
2021-06-28 01:17:32 | [INFO]    | Discordia 2.9.1
2021-06-28 01:17:32 | [INFO]    | Connecting to Discord...
2021-06-28 01:17:33 | [INFO]    | Authenticated as lua_bot#2020
2021-06-28 01:17:33 | [INFO]    | Launching shard 0 (1 out of 1)...
2021-06-28 01:17:33 | [INFO]    | Shard 0 : Connected to wss://gateway.discord.gg
2021-06-28 01:17:33 | [INFO]    | Shard 0 : Received HELLO
2021-06-28 01:17:33 | [INFO]    | Shard 0 : Received READY
2021-06-28 01:21:12 | [INFO]    | Discordia 2.9.1
2021-06-28 01:21:12 | [INFO]    | Connecting to Discord...
2021-06-28 01:21:12 | [INFO]    | Authenticated as lua_bot#2020
2021-06-28 01:21:12 | [INFO]    | Launching shard 0 (1 out of 1)...
2021-06-28 01:21:13 | [INFO]    | Shard 0 : Connected to wss://gateway.discord.gg
2021-06-28 01:21:13 | [INFO]    | Shard 0 : Received HELLO
2021-06-28 01:21:13 | [INFO]    | Shard 0 : Received READY
2021-06-28 01:24:55 | [INFO]    | Discordia 2.9.1
2021-06-28 01:24:55 | [INFO]    | Connecting to Discord...
2021-06-28 01:24:55 | [INFO]    | Authenticated as lua_bot#2020
2021-06-28 01:24:55 | [INFO]    | Launching shard 0 (1 out of 1)...
2021-06-28 01:24:56 | [INFO]    | Shard 0 : Connected to wss://gateway.discord.gg
2021-06-28 01:24:56 | [INFO]    | Shard 0 : Received HELLO
2021-06-28 01:24:56 | [INFO]    | Shard 0 : Received READY
2021-06-28 01:26:39 | [INFO]    | Discordia 2.9.1
2021-06-28 01:26:39 | [INFO]    | Connecting to Discord...
2021-06-28 01:26:39 | [INFO]    | Authenticated as lua_bot#2020
2021-06-28 01:26:39 | [INFO]    | Launching shard 0 (1 out of 1)...
2021-06-28 01:26:40 | [INFO]    | Shard 0 : Connected to wss://gateway.discord.gg
2021-06-28 01:26:40 | [INFO]    | Shard 0 : Received HELLO
2021-06-28 01:26:40 | [INFO]    | Shard 0 : Received READY
2021-06-28 01:28:34 | [INFO]    | Discordia 2.9.1
2021-06-28 01:28:34 | [INFO]    | Connecting to Discord...
2021-06-28 01:28:35 | [INFO]    | Authenticated as lua_bot#2020
2021-06-28 01:28:35 | [INFO]    | Launching shard 0 (1 out of 1)...
2021-06-28 01:28:35 | [INFO]    | Shard 0 : Connected to wss://gateway.discord.gg
2021-06-28 01:28:35 | [INFO]    | Shard 0 : Received HELLO
2021-06-28 01:28:36 | [INFO]    | Shard 0 : Received READY
2021-06-28 01:30:05 | [INFO]    | Discordia 2.9.1
2021-06-28 01:30:05 | [INFO]    | Connecting to Discord...
2021-06-28 01:30:05 | [INFO]    | Authenticated as lua_bot#2020
2021-06-28 01:30:05 | [INFO]    | Launching shard 0 (1 out of 1)...
2021-06-28 01:30:06 | [INFO]    | Shard 0 : Connected to wss://gateway.discord.gg
2021-06-28 01:30:06 | [INFO]    | Shard 0 : Received HELLO
2021-06-28 01:30:06 | [INFO]    | Shard 0 : Received READY
2021-06-28 01:30:16 | [ERROR]   | 403 - Forbidden : PATCH https://discord.com/api/v7/channels/621078747491336214/messages/858866858412343296
2021-06-28 01:31:02 | [INFO]    | Discordia 2.9.1
2021-06-28 01:31:02 | [INFO]    | Connecting to Discord...
2021-06-28 01:31:03 | [INFO]    | Authenticated as lua_bot#2020
2021-06-28 01:31:03 | [INFO]    | Launching shard 0 (1 out of 1)...
2021-06-28 01:31:03 | [INFO]    | Shard 0 : Connected to wss://gateway.discord.gg
2021-06-28 01:31:03 | [INFO]    | Shard 0 : Received HELLO
2021-06-28 01:31:03 | [INFO]    | Shard 0 : Received READY
2021-06-28 01:31:13 | [ERROR]   | 403 - Forbidden : PATCH https://discord.com/api/v7/channels/621078747491336214/messages/858867095680188436
2021-06-28 01:34:33 | [INFO]    | Discordia 2.9.1
2021-06-28 01:34:33 | [INFO]    | Connecting to Discord...
2021-06-28 01:34:34 | [INFO]    | Authenticated as lua_bot#2020
2021-06-28 01:34:34 | [INFO]    | Launching shard 0 (1 out of 1)...
2021-06-28 01:34:35 | [INFO]    | Shard 0 : Connected to wss://gateway.discord.gg
2021-06-28 01:34:35 | [INFO]    | Shard 0 : Received HELLO
2021-06-28 01:34:35 | [INFO]    | Shard 0 : Received READY
2021-06-28 01:37:42 | [INFO]    | Discordia 2.9.1
2021-06-28 01:37:42 | [INFO]    | Connecting to Discord...
2021-06-28 01:37:42 | [INFO]    | Authenticated as lua_bot#2020
2021-06-28 01:37:42 | [INFO]    | Launching shard 0 (1 out of 1)...
2021-06-28 01:37:43 | [INFO]    | Shard 0 : Connected to wss://gateway.discord.gg
2021-06-28 01:37:43 | [INFO]    | Shard 0 : Received HELLO
2021-06-28 01:37:43 | [INFO]    | Shard 0 : Received READY
2021-06-28 01:38:52 | [INFO]    | Discordia 2.9.1
2021-06-28 01:38:52 | [INFO]    | Connecting to Discord...
2021-06-28 01:38:52 | [INFO]    | Authenticated as lua_bot#2020
2021-06-28 01:38:52 | [INFO]    | Launching shard 0 (1 out of 1)...
2021-06-28 01:38:53 | [INFO]    | Shard 0 : Connected to wss://gateway.discord.gg
2021-06-28 01:38:53 | [INFO]    | Shard 0 : Received HELLO
2021-06-28 01:38:53 | [INFO]    | Shard 0 : Received READY
2021-06-28 01:41:37 | [INFO]    | Discordia 2.9.1
2021-06-28 01:41:37 | [INFO]    | Connecting to Discord...
2021-06-28 01:41:38 | [INFO]    | Authenticated as lua_bot#2020
2021-06-28 01:41:38 | [INFO]    | Launching shard 0 (1 out of 1)...
2021-06-28 01:41:38 | [INFO]    | Shard 0 : Connected to wss://gateway.discord.gg
2021-06-28 01:41:38 | [INFO]    | Shard 0 : Received HELLO
2021-06-28 01:41:39 | [INFO]    | Shard 0 : Received READY
2021-06-28 01:43:01 | [INFO]    | Discordia 2.9.1
2021-06-28 01:43:01 | [INFO]    | Connecting to Discord...
2021-06-28 01:43:01 | [INFO]    | Authenticated as lua_bot#2020
2021-06-28 01:43:01 | [INFO]    | Launching shard 0 (1 out of 1)...
2021-06-28 01:43:02 | [INFO]    | Shard 0 : Connected to wss://gateway.discord.gg
2021-06-28 01:43:02 | [INFO]    | Shard 0 : Received HELLO
2021-06-28 01:43:02 | [INFO]    | Shard 0 : Received READY
2021-06-28 01:48:04 | [INFO]    | Discordia 2.9.1
2021-06-28 01:48:04 | [INFO]    | Connecting to Discord...
2021-06-28 01:48:04 | [INFO]    | Authenticated as lua_bot#2020
2021-06-28 01:48:04 | [INFO]    | Launching shard 0 (1 out of 1)...
2021-06-28 01:48:05 | [INFO]    | Shard 0 : Connected to wss://gateway.discord.gg
2021-06-28 01:48:05 | [INFO]    | Shard 0 : Received HELLO
2021-06-28 01:48:05 | [INFO]    | Shard 0 : Received READY
2021-06-28 01:48:38 | [INFO]    | Discordia 2.9.1
2021-06-28 01:48:38 | [INFO]    | Connecting to Discord...
2021-06-28 01:48:38 | [INFO]    | Authenticated as lua_bot#2020
2021-06-28 01:48:38 | [INFO]    | Launching shard 0 (1 out of 1)...
2021-06-28 01:48:39 | [INFO]    | Shard 0 : Connected to wss://gateway.discord.gg
2021-06-28 01:48:39 | [INFO]    | Shard 0 : Received HELLO
2021-06-28 01:48:39 | [INFO]    | Shard 0 : Received READY
2021-06-28 01:53:39 | [INFO]    | Discordia 2.9.1
2021-06-28 01:53:39 | [INFO]    | Connecting to Discord...
2021-06-28 01:53:39 | [INFO]    | Authenticated as lua_bot#2020
2021-06-28 01:53:39 | [INFO]    | Launching shard 0 (1 out of 1)...
2021-06-28 01:53:40 | [INFO]    | Shard 0 : Connected to wss://gateway.discord.gg
2021-06-28 01:53:40 | [INFO]    | Shard 0 : Received HELLO
2021-06-28 01:53:40 | [INFO]    | Shard 0 : Received READY
2021-06-28 01:53:43 | [INFO]    | Discordia 2.9.1
2021-06-28 01:53:43 | [INFO]    | Connecting to Discord...
2021-06-28 01:53:43 | [INFO]    | Authenticated as lua_bot#2020
2021-06-28 01:53:43 | [INFO]    | Launching shard 0 (1 out of 1)...
2021-06-28 01:53:43 | [INFO]    | Shard 0 : Connected to wss://gateway.discord.gg
2021-06-28 01:53:43 | [INFO]    | Shard 0 : Received HELLO
2021-06-28 01:53:45 | [INFO]    | Shard 0 : Session invalidated, re-identifying...
2021-06-28 01:53:51 | [INFO]    | Shard 0 : Received READY
2021-06-28 01:59:58 | [INFO]    | Discordia 2.9.1
2021-06-28 01:59:58 | [INFO]    | Connecting to Discord...
2021-06-28 01:59:58 | [INFO]    | Authenticated as lua_bot#2020
2021-06-28 01:59:58 | [INFO]    | Launching shard 0 (1 out of 1)...
2021-06-28 01:59:59 | [INFO]    | Shard 0 : Connected to wss://gateway.discord.gg
2021-06-28 01:59:59 | [INFO]    | Shard 0 : Received HELLO
2021-06-28 01:59:59 | [INFO]    | Shard 0 : Received READY
2021-06-28 02:00:20 | [INFO]    | Discordia 2.9.1
2021-06-28 02:00:20 | [INFO]    | Connecting to Discord...
2021-06-28 02:00:20 | [INFO]    | Authenticated as lua_bot#2020
2021-06-28 02:00:20 | [INFO]    | Launching shard 0 (1 out of 1)...
2021-06-28 02:00:21 | [INFO]    | Shard 0 : Connected to wss://gateway.discord.gg
2021-06-28 02:00:21 | [INFO]    | Shard 0 : Received HELLO
2021-06-28 02:00:21 | [INFO]    | Shard 0 : Received READY
2021-06-28 02:03:06 | [INFO]    | Discordia 2.9.1
2021-06-28 02:03:06 | [INFO]    | Connecting to Discord...
2021-06-28 02:03:06 | [INFO]    | Authenticated as lua_bot#2020
2021-06-28 02:03:06 | [INFO]    | Launching shard 0 (1 out of 1)...
2021-06-28 02:03:07 | [INFO]    | Shard 0 : Connected to wss://gateway.discord.gg
2021-06-28 02:03:07 | [INFO]    | Shard 0 : Received HELLO
2021-06-28 02:03:07 | [INFO]    | Shard 0 : Received READY
2021-06-28 02:04:03 | [INFO]    | Discordia 2.9.1
2021-06-28 02:04:03 | [INFO]    | Connecting to Discord...
2021-06-28 02:04:03 | [INFO]    | Authenticated as lua_bot#2020
2021-06-28 02:04:03 | [INFO]    | Launching shard 0 (1 out of 1)...
2021-06-28 02:04:04 | [INFO]    | Shard 0 : Connected to wss://gateway.discord.gg
2021-06-28 02:04:04 | [INFO]    | Shard 0 : Received HELLO
2021-06-28 02:04:04 | [INFO]    | Shard 0 : Received READY
2021-06-28 02:05:18 | [INFO]    | Discordia 2.9.1
2021-06-28 02:05:18 | [INFO]    | Connecting to Discord...
2021-06-28 02:05:19 | [INFO]    | Authenticated as lua_bot#2020
2021-06-28 02:05:19 | [INFO]    | Launching shard 0 (1 out of 1)...
2021-06-28 02:05:20 | [INFO]    | Shard 0 : Connected to wss://gateway.discord.gg
2021-06-28 02:05:20 | [INFO]    | Shard 0 : Received HELLO
2021-06-28 02:05:20 | [INFO]    | Shard 0 : Received READY
2021-06-28 02:08:44 | [INFO]    | Discordia 2.9.1
2021-06-28 02:08:44 | [INFO]    | Connecting to Discord...
2021-06-28 02:08:44 | [INFO]    | Authenticated as lua_bot#2020
2021-06-28 02:08:45 | [INFO]    | Launching shard 0 (1 out of 1)...
2021-06-28 02:08:45 | [INFO]    | Shard 0 : Connected to wss://gateway.discord.gg
2021-06-28 02:08:45 | [INFO]    | Shard 0 : Received HELLO
2021-06-28 02:08:46 | [INFO]    | Shard 0 : Received READY
2021-06-28 02:08:48 | [ERROR]   | 400 - Bad Request : POST https://discord.com/api/v7/channels/621078747491336214/messages
2021-06-28 02:08:53 | [ERROR]   | 400 - Bad Request : POST https://discord.com/api/v7/channels/621078747491336214/messages
2021-06-28 02:09:13 | [INFO]    | Discordia 2.9.1
2021-06-28 02:09:13 | [INFO]    | Connecting to Discord...
2021-06-28 02:09:13 | [INFO]    | Authenticated as lua_bot#2020
2021-06-28 02:09:13 | [INFO]    | Launching shard 0 (1 out of 1)...
2021-06-28 02:09:14 | [INFO]    | Shard 0 : Connected to wss://gateway.discord.gg
2021-06-28 02:09:14 | [INFO]    | Shard 0 : Received HELLO
2021-06-28 02:09:14 | [INFO]    | Shard 0 : Received READY
2021-06-28 02:10:26 | [INFO]    | Discordia 2.9.1
2021-06-28 02:10:26 | [INFO]    | Connecting to Discord...
2021-06-28 02:10:27 | [INFO]    | Authenticated as lua_bot#2020
2021-06-28 02:10:27 | [INFO]    | Launching shard 0 (1 out of 1)...
2021-06-28 02:10:27 | [INFO]    | Shard 0 : Connected to wss://gateway.discord.gg
2021-06-28 02:10:27 | [INFO]    | Shard 0 : Received HELLO
2021-06-28 02:10:27 | [INFO]    | Shard 0 : Received READY
2021-06-28 11:31:11 | [INFO]    | Discordia 2.9.1
2021-06-28 11:31:11 | [INFO]    | Connecting to Discord...
2021-06-28 11:31:12 | [INFO]    | Authenticated as lua_bot#2020
2021-06-28 11:31:12 | [INFO]    | Launching shard 0 (1 out of 1)...
2021-06-28 11:31:13 | [INFO]    | Shard 0 : Connected to wss://gateway.discord.gg
2021-06-28 11:31:13 | [INFO]    | Shard 0 : Received HELLO
2021-06-28 11:31:13 | [INFO]    | Shard 0 : Received READY
2021-06-28 11:31:54 | [INFO]    | Discordia 2.9.1
2021-06-28 11:31:54 | [INFO]    | Connecting to Discord...
2021-06-28 11:31:54 | [INFO]    | Authenticated as lua_bot#2020
2021-06-28 11:31:54 | [INFO]    | Launching shard 0 (1 out of 1)...
2021-06-28 11:31:54 | [INFO]    | Shard 0 : Connected to wss://gateway.discord.gg
2021-06-28 11:31:54 | [INFO]    | Shard 0 : Received HELLO
2021-06-28 11:31:55 | [INFO]    | Shard 0 : Received READY
2021-06-28 11:32:16 | [INFO]    | Discordia 2.9.1
2021-06-28 11:32:16 | [INFO]    | Connecting to Discord...
2021-06-28 11:32:17 | [INFO]    | Authenticated as lua_bot#2020
2021-06-28 11:32:17 | [INFO]    | Launching shard 0 (1 out of 1)...
2021-06-28 11:32:17 | [INFO]    | Shard 0 : Connected to wss://gateway.discord.gg
2021-06-28 11:32:17 | [INFO]    | Shard 0 : Received HELLO
2021-06-28 11:32:17 | [INFO]    | Shard 0 : Received READY
2021-06-28 11:32:50 | [INFO]    | Discordia 2.9.1
2021-06-28 11:32:50 | [INFO]    | Connecting to Discord...
2021-06-28 11:32:51 | [INFO]    | Authenticated as lua_bot#2020
2021-06-28 11:32:51 | [INFO]    | Launching shard 0 (1 out of 1)...
2021-06-28 11:32:51 | [INFO]    | Shard 0 : Connected to wss://gateway.discord.gg
2021-06-28 11:32:51 | [INFO]    | Shard 0 : Received HELLO
2021-06-28 11:32:52 | [INFO]    | Shard 0 : Received READY
2021-06-28 11:33:21 | [ERROR]   | 403 - Forbidden : PATCH https://discord.com/api/v7/channels/621078747491336214/messages/859018620763242547
2021-06-28 11:37:14 | [INFO]    | Discordia 2.9.1
2021-06-28 11:37:14 | [INFO]    | Connecting to Discord...
2021-06-28 11:37:15 | [INFO]    | Authenticated as lua_bot#2020
2021-06-28 11:37:15 | [INFO]    | Launching shard 0 (1 out of 1)...
2021-06-28 11:37:15 | [INFO]    | Shard 0 : Connected to wss://gateway.discord.gg
2021-06-28 11:37:15 | [INFO]    | Shard 0 : Received HELLO
2021-06-28 11:37:15 | [INFO]    | Shard 0 : Received READY
2021-06-28 11:39:21 | [INFO]    | Discordia 2.9.1
2021-06-28 11:39:21 | [INFO]    | Connecting to Discord...
2021-06-28 11:39:22 | [INFO]    | Authenticated as lua_bot#2020
2021-06-28 11:39:22 | [INFO]    | Launching shard 0 (1 out of 1)...
2021-06-28 11:39:23 | [INFO]    | Shard 0 : Connected to wss://gateway.discord.gg
2021-06-28 11:39:23 | [INFO]    | Shard 0 : Received HELLO
2021-06-28 11:39:23 | [INFO]    | Shard 0 : Received READY
2021-06-28 11:41:21 | [INFO]    | Discordia 2.9.1
2021-06-28 11:41:21 | [INFO]    | Connecting to Discord...
2021-06-28 11:41:22 | [INFO]    | Authenticated as lua_bot#2020
2021-06-28 11:41:22 | [INFO]    | Launching shard 0 (1 out of 1)...
2021-06-28 11:41:23 | [INFO]    | Shard 0 : Connected to wss://gateway.discord.gg
2021-06-28 11:41:23 | [INFO]    | Shard 0 : Received HELLO
2021-06-28 11:41:23 | [INFO]    | Shard 0 : Received READY
2021-06-28 11:41:46 | [INFO]    | Discordia 2.9.1
2021-06-28 11:41:46 | [INFO]    | Connecting to Discord...
2021-06-28 11:41:46 | [INFO]    | Authenticated as lua_bot#2020
2021-06-28 11:41:46 | [INFO]    | Launching shard 0 (1 out of 1)...
2021-06-28 11:41:47 | [INFO]    | Shard 0 : Connected to wss://gateway.discord.gg
2021-06-28 11:41:47 | [INFO]    | Shard 0 : Received HELLO
2021-06-28 11:41:47 | [INFO]    | Shard 0 : Received READY
2021-06-28 11:44:17 | [INFO]    | Discordia 2.9.1
2021-06-28 11:44:17 | [INFO]    | Connecting to Discord...
2021-06-28 11:44:18 | [INFO]    | Authenticated as lua_bot#2020
2021-06-28 11:44:18 | [INFO]    | Launching shard 0 (1 out of 1)...
2021-06-28 11:44:19 | [INFO]    | Shard 0 : Connected to wss://gateway.discord.gg
2021-06-28 11:44:19 | [INFO]    | Shard 0 : Received HELLO
2021-06-28 11:44:19 | [INFO]    | Shard 0 : Received READY
2021-06-28 11:44:25 | [ERROR]   | 400 - Bad Request : POST https://discord.com/api/v7/channels/621078747491336214/messages
2021-06-28 11:45:16 | [INFO]    | Discordia 2.9.1
2021-06-28 11:45:16 | [INFO]    | Connecting to Discord...
2021-06-28 11:45:16 | [INFO]    | Authenticated as lua_bot#2020
2021-06-28 11:45:16 | [INFO]    | Launching shard 0 (1 out of 1)...
2021-06-28 11:45:17 | [INFO]    | Shard 0 : Connected to wss://gateway.discord.gg
2021-06-28 11:45:17 | [INFO]    | Shard 0 : Received HELLO
2021-06-28 11:45:17 | [INFO]    | Shard 0 : Received READY
2021-06-28 11:45:21 | [ERROR]   | 400 - Bad Request : POST https://discord.com/api/v7/channels/621078747491336214/messages
2021-06-28 11:45:35 | [INFO]    | Discordia 2.9.1
2021-06-28 11:45:35 | [INFO]    | Connecting to Discord...
2021-06-28 11:45:36 | [INFO]    | Authenticated as lua_bot#2020
2021-06-28 11:45:36 | [INFO]    | Launching shard 0 (1 out of 1)...
2021-06-28 11:45:36 | [INFO]    | Shard 0 : Connected to wss://gateway.discord.gg
2021-06-28 11:45:36 | [INFO]    | Shard 0 : Received HELLO
2021-06-28 11:45:37 | [INFO]    | Shard 0 : Received READY
2021-06-28 11:45:39 | [ERROR]   | 400 - Bad Request : POST https://discord.com/api/v7/channels/621078747491336214/messages
2021-06-28 11:46:01 | [INFO]    | Discordia 2.9.1
2021-06-28 11:46:01 | [INFO]    | Connecting to Discord...
2021-06-28 11:46:01 | [INFO]    | Authenticated as lua_bot#2020
2021-06-28 11:46:01 | [INFO]    | Launching shard 0 (1 out of 1)...
2021-06-28 11:46:02 | [INFO]    | Shard 0 : Connected to wss://gateway.discord.gg
2021-06-28 11:46:02 | [INFO]    | Shard 0 : Received HELLO
2021-06-28 11:46:02 | [INFO]    | Shard 0 : Received READY
2021-06-28 11:46:04 | [ERROR]   | 400 - Bad Request : POST https://discord.com/api/v7/channels/621078747491336214/messages
2021-06-28 11:46:28 | [INFO]    | Discordia 2.9.1
2021-06-28 11:46:28 | [INFO]    | Connecting to Discord...
2021-06-28 11:46:29 | [INFO]    | Authenticated as lua_bot#2020
2021-06-28 11:46:29 | [INFO]    | Launching shard 0 (1 out of 1)...
2021-06-28 11:46:29 | [INFO]    | Shard 0 : Connected to wss://gateway.discord.gg
2021-06-28 11:46:29 | [INFO]    | Shard 0 : Received HELLO
2021-06-28 11:46:29 | [INFO]    | Shard 0 : Received READY
2021-06-28 11:46:35 | [ERROR]   | 400 - Bad Request : POST https://discord.com/api/v7/channels/621078747491336214/messages
2021-06-28 11:46:43 | [INFO]    | Discordia 2.9.1
2021-06-28 11:46:43 | [INFO]    | Connecting to Discord...
2021-06-28 11:46:43 | [INFO]    | Authenticated as lua_bot#2020
2021-06-28 11:46:43 | [INFO]    | Launching shard 0 (1 out of 1)...
2021-06-28 11:46:44 | [INFO]    | Shard 0 : Connected to wss://gateway.discord.gg
2021-06-28 11:46:44 | [INFO]    | Shard 0 : Received HELLO
2021-06-28 11:46:44 | [INFO]    | Shard 0 : Received READY
2021-06-28 11:47:01 | [INFO]    | Discordia 2.9.1
2021-06-28 11:47:01 | [INFO]    | Connecting to Discord...
2021-06-28 11:47:02 | [INFO]    | Authenticated as lua_bot#2020
2021-06-28 11:47:02 | [INFO]    | Launching shard 0 (1 out of 1)...
2021-06-28 11:47:02 | [INFO]    | Shard 0 : Connected to wss://gateway.discord.gg
2021-06-28 11:47:02 | [INFO]    | Shard 0 : Received HELLO
2021-06-28 11:47:02 | [INFO]    | Shard 0 : Received READY
2021-06-28 11:48:13 | [INFO]    | Discordia 2.9.1
2021-06-28 11:48:13 | [INFO]    | Connecting to Discord...
2021-06-28 11:48:14 | [INFO]    | Authenticated as lua_bot#2020
2021-06-28 11:48:14 | [INFO]    | Launching shard 0 (1 out of 1)...
2021-06-28 11:48:14 | [INFO]    | Shard 0 : Connected to wss://gateway.discord.gg
2021-06-28 11:48:14 | [INFO]    | Shard 0 : Received HELLO
2021-06-28 11:48:14 | [INFO]    | Shard 0 : Received READY
2021-06-28 11:48:17 | [ERROR]   | 400 - Bad Request : POST https://discord.com/api/v7/channels/621078747491336214/messages
2021-06-28 11:48:40 | [INFO]    | Discordia 2.9.1
2021-06-28 11:48:40 | [INFO]    | Connecting to Discord...
2021-06-28 11:48:40 | [INFO]    | Authenticated as lua_bot#2020
2021-06-28 11:48:40 | [INFO]    | Launching shard 0 (1 out of 1)...
2021-06-28 11:48:41 | [INFO]    | Shard 0 : Connected to wss://gateway.discord.gg
2021-06-28 11:48:41 | [INFO]    | Shard 0 : Received HELLO
2021-06-28 11:48:41 | [INFO]    | Shard 0 : Received READY
2021-06-28 11:48:47 | [INFO]    | Discordia 2.9.1
2021-06-28 11:48:47 | [INFO]    | Connecting to Discord...
2021-06-28 11:48:47 | [INFO]    | Authenticated as lua_bot#2020
2021-06-28 11:48:47 | [INFO]    | Launching shard 0 (1 out of 1)...
2021-06-28 11:48:48 | [INFO]    | Shard 0 : Connected to wss://gateway.discord.gg
2021-06-28 11:48:48 | [INFO]    | Shard 0 : Received HELLO
2021-06-28 11:48:48 | [INFO]    | Shard 0 : Received READY
2021-06-28 11:51:18 | [INFO]    | Discordia 2.9.1
2021-06-28 11:51:18 | [INFO]    | Connecting to Discord...
2021-06-28 11:51:19 | [INFO]    | Authenticated as lua_bot#2020
2021-06-28 11:51:19 | [INFO]    | Launching shard 0 (1 out of 1)...
2021-06-28 11:51:20 | [INFO]    | Shard 0 : Connected to wss://gateway.discord.gg
2021-06-28 11:51:20 | [INFO]    | Shard 0 : Received HELLO
2021-06-28 11:51:20 | [INFO]    | Shard 0 : Received READY
2021-06-28 11:51:40 | [INFO]    | Discordia 2.9.1
2021-06-28 11:51:40 | [INFO]    | Connecting to Discord...
2021-06-28 11:51:40 | [INFO]    | Authenticated as lua_bot#2020
2021-06-28 11:51:40 | [INFO]    | Launching shard 0 (1 out of 1)...
2021-06-28 11:51:41 | [INFO]    | Shard 0 : Connected to wss://gateway.discord.gg
2021-06-28 11:51:41 | [INFO]    | Shard 0 : Received HELLO
2021-06-28 11:51:41 | [INFO]    | Shard 0 : Received READY
2021-06-28 11:52:35 | [INFO]    | Discordia 2.9.1
2021-06-28 11:52:35 | [INFO]    | Connecting to Discord...
2021-06-28 11:52:36 | [INFO]    | Authenticated as lua_bot#2020
2021-06-28 11:52:36 | [INFO]    | Launching shard 0 (1 out of 1)...
2021-06-28 11:52:36 | [INFO]    | Shard 0 : Connected to wss://gateway.discord.gg
2021-06-28 11:52:36 | [INFO]    | Shard 0 : Received HELLO
2021-06-28 11:52:37 | [INFO]    | Shard 0 : Received READY
2021-06-28 11:53:32 | [INFO]    | Discordia 2.9.1
2021-06-28 11:53:32 | [INFO]    | Connecting to Discord...
2021-06-28 11:53:32 | [INFO]    | Authenticated as lua_bot#2020
2021-06-28 11:53:32 | [INFO]    | Launching shard 0 (1 out of 1)...
2021-06-28 11:53:33 | [INFO]    | Shard 0 : Connected to wss://gateway.discord.gg
2021-06-28 11:53:33 | [INFO]    | Shard 0 : Received HELLO
2021-06-28 11:53:33 | [INFO]    | Shard 0 : Received READY
2021-06-28 11:55:05 | [INFO]    | Discordia 2.9.1
2021-06-28 11:55:05 | [INFO]    | Connecting to Discord...
2021-06-28 11:55:06 | [INFO]    | Authenticated as lua_bot#2020
2021-06-28 11:55:06 | [INFO]    | Launching shard 0 (1 out of 1)...
2021-06-28 11:55:07 | [INFO]    | Shard 0 : Connected to wss://gateway.discord.gg
2021-06-28 11:55:07 | [INFO]    | Shard 0 : Received HELLO
2021-06-28 11:55:07 | [INFO]    | Shard 0 : Received READY
2021-06-28 11:55:22 | [INFO]    | Discordia 2.9.1
2021-06-28 11:55:22 | [INFO]    | Connecting to Discord...
2021-06-28 11:55:23 | [INFO]    | Authenticated as lua_bot#2020
2021-06-28 11:55:23 | [INFO]    | Launching shard 0 (1 out of 1)...
2021-06-28 11:55:23 | [INFO]    | Shard 0 : Connected to wss://gateway.discord.gg
2021-06-28 11:55:23 | [INFO]    | Shard 0 : Received HELLO
2021-06-28 11:55:23 | [INFO]    | Shard 0 : Received READY
2021-06-28 11:57:40 | [INFO]    | Discordia 2.9.1
2021-06-28 11:57:40 | [INFO]    | Connecting to Discord...
2021-06-28 11:57:41 | [INFO]    | Authenticated as lua_bot#2020
2021-06-28 11:57:41 | [INFO]    | Launching shard 0 (1 out of 1)...
2021-06-28 11:57:41 | [INFO]    | Shard 0 : Connected to wss://gateway.discord.gg
2021-06-28 11:57:41 | [INFO]    | Shard 0 : Received HELLO
2021-06-28 11:57:42 | [INFO]    | Shard 0 : Received READY
2021-06-28 11:58:02 | [INFO]    | Discordia 2.9.1
2021-06-28 11:58:02 | [INFO]    | Connecting to Discord...
2021-06-28 11:58:02 | [INFO]    | Authenticated as lua_bot#2020
2021-06-28 11:58:02 | [INFO]    | Launching shard 0 (1 out of 1)...
2021-06-28 11:58:03 | [INFO]    | Shard 0 : Connected to wss://gateway.discord.gg
2021-06-28 11:58:03 | [INFO]    | Shard 0 : Received HELLO
2021-06-28 11:58:03 | [INFO]    | Shard 0 : Received READY
2021-06-28 11:59:52 | [INFO]    | Discordia 2.9.1
2021-06-28 11:59:52 | [INFO]    | Connecting to Discord...
2021-06-28 11:59:52 | [INFO]    | Authenticated as lua_bot#2020
2021-06-28 11:59:52 | [INFO]    | Launching shard 0 (1 out of 1)...
2021-06-28 11:59:53 | [INFO]    | Shard 0 : Connected to wss://gateway.discord.gg
2021-06-28 11:59:53 | [INFO]    | Shard 0 : Received HELLO
2021-06-28 11:59:53 | [INFO]    | Shard 0 : Received READY
2021-06-28 11:59:56 | [ERROR]   | 400 - Bad Request : POST https://discord.com/api/v7/channels/621078747491336214/messages
2021-06-28 12:00:57 | [INFO]    | Discordia 2.9.1
2021-06-28 12:00:57 | [INFO]    | Connecting to Discord...
2021-06-28 12:00:58 | [INFO]    | Authenticated as lua_bot#2020
2021-06-28 12:00:58 | [INFO]    | Launching shard 0 (1 out of 1)...
2021-06-28 12:00:58 | [INFO]    | Shard 0 : Connected to wss://gateway.discord.gg
2021-06-28 12:00:58 | [INFO]    | Shard 0 : Received HELLO
2021-06-28 12:00:59 | [INFO]    | Shard 0 : Received READY
2021-06-28 12:01:02 | [ERROR]   | 400 - Bad Request : POST https://discord.com/api/v7/channels/621078747491336214/messages
2021-06-28 12:02:32 | [INFO]    | Discordia 2.9.1
2021-06-28 12:02:32 | [INFO]    | Connecting to Discord...
2021-06-28 12:02:33 | [INFO]    | Authenticated as lua_bot#2020
2021-06-28 12:02:33 | [INFO]    | Launching shard 0 (1 out of 1)...
2021-06-28 12:02:33 | [INFO]    | Shard 0 : Connected to wss://gateway.discord.gg
2021-06-28 12:02:33 | [INFO]    | Shard 0 : Received HELLO
2021-06-28 12:02:34 | [INFO]    | Shard 0 : Received READY
2021-06-28 12:03:09 | [INFO]    | Discordia 2.9.1
2021-06-28 12:03:09 | [INFO]    | Connecting to Discord...
2021-06-28 12:03:10 | [INFO]    | Authenticated as lua_bot#2020
2021-06-28 12:03:10 | [INFO]    | Launching shard 0 (1 out of 1)...
2021-06-28 12:03:10 | [INFO]    | Shard 0 : Connected to wss://gateway.discord.gg
2021-06-28 12:03:10 | [INFO]    | Shard 0 : Received HELLO
2021-06-28 12:03:10 | [INFO]    | Shard 0 : Received READY
2021-06-28 12:03:32 | [INFO]    | Discordia 2.9.1
2021-06-28 12:03:32 | [INFO]    | Connecting to Discord...
2021-06-28 12:03:33 | [INFO]    | Authenticated as lua_bot#2020
2021-06-28 12:03:33 | [INFO]    | Launching shard 0 (1 out of 1)...
2021-06-28 12:03:33 | [INFO]    | Shard 0 : Connected to wss://gateway.discord.gg
2021-06-28 12:03:33 | [INFO]    | Shard 0 : Received HELLO
2021-06-28 12:03:33 | [INFO]    | Shard 0 : Received READY
2021-06-28 12:03:41 | [ERROR]   | 400 - Bad Request : POST https://discord.com/api/v7/channels/621078747491336214/messages
2021-06-28 12:03:42 | [ERROR]   | 400 - Bad Request : POST https://discord.com/api/v7/channels/621078747491336214/messages
2021-06-28 12:04:04 | [INFO]    | Discordia 2.9.1
2021-06-28 12:04:04 | [INFO]    | Connecting to Discord...
2021-06-28 12:04:05 | [INFO]    | Authenticated as lua_bot#2020
2021-06-28 12:04:05 | [INFO]    | Launching shard 0 (1 out of 1)...
2021-06-28 12:04:05 | [INFO]    | Shard 0 : Connected to wss://gateway.discord.gg
2021-06-28 12:04:05 | [INFO]    | Shard 0 : Received HELLO
2021-06-28 12:04:05 | [INFO]    | Shard 0 : Received READY
2021-06-28 12:04:19 | [INFO]    | Discordia 2.9.1
2021-06-28 12:04:19 | [INFO]    | Connecting to Discord...
2021-06-28 12:04:19 | [INFO]    | Authenticated as lua_bot#2020
2021-06-28 12:04:19 | [INFO]    | Launching shard 0 (1 out of 1)...
2021-06-28 12:04:20 | [INFO]    | Shard 0 : Connected to wss://gateway.discord.gg
2021-06-28 12:04:20 | [INFO]    | Shard 0 : Received HELLO
2021-06-28 12:04:20 | [INFO]    | Shard 0 : Received READY
2021-06-28 12:06:06 | [INFO]    | Discordia 2.9.1
2021-06-28 12:06:06 | [INFO]    | Connecting to Discord...
2021-06-28 12:06:07 | [INFO]    | Authenticated as lua_bot#2020
2021-06-28 12:06:07 | [INFO]    | Launching shard 0 (1 out of 1)...
2021-06-28 12:06:07 | [INFO]    | Shard 0 : Connected to wss://gateway.discord.gg
2021-06-28 12:06:07 | [INFO]    | Shard 0 : Received HELLO
2021-06-28 12:06:07 | [INFO]    | Shard 0 : Received READY
2021-06-28 12:09:05 | [INFO]    | Discordia 2.9.1
2021-06-28 12:09:05 | [INFO]    | Connecting to Discord...
2021-06-28 12:09:06 | [INFO]    | Authenticated as lua_bot#2020
2021-06-28 12:09:06 | [INFO]    | Launching shard 0 (1 out of 1)...
2021-06-28 12:09:07 | [INFO]    | Shard 0 : Connected to wss://gateway.discord.gg
2021-06-28 12:09:07 | [INFO]    | Shard 0 : Received HELLO
2021-06-28 12:09:07 | [INFO]    | Shard 0 : Received READY
2021-06-28 12:09:57 | [INFO]    | Discordia 2.9.1
2021-06-28 12:09:57 | [INFO]    | Connecting to Discord...
2021-06-28 12:09:57 | [INFO]    | Authenticated as lua_bot#2020
2021-06-28 12:09:57 | [INFO]    | Launching shard 0 (1 out of 1)...
2021-06-28 12:09:58 | [INFO]    | Shard 0 : Connected to wss://gateway.discord.gg
2021-06-28 12:09:58 | [INFO]    | Shard 0 : Received HELLO
2021-06-28 12:09:58 | [INFO]    | Shard 0 : Received READY
2021-06-28 12:10:36 | [INFO]    | Discordia 2.9.1
2021-06-28 12:10:36 | [INFO]    | Connecting to Discord...
2021-06-28 12:10:36 | [INFO]    | Authenticated as lua_bot#2020
2021-06-28 12:10:36 | [INFO]    | Launching shard 0 (1 out of 1)...
2021-06-28 12:10:37 | [INFO]    | Shard 0 : Connected to wss://gateway.discord.gg
2021-06-28 12:10:37 | [INFO]    | Shard 0 : Received HELLO
2021-06-28 12:10:37 | [INFO]    | Shard 0 : Received READY
2021-06-28 12:12:07 | [INFO]    | Discordia 2.9.1
2021-06-28 12:12:07 | [INFO]    | Connecting to Discord...
2021-06-28 12:12:08 | [INFO]    | Authenticated as lua_bot#2020
2021-06-28 12:12:08 | [INFO]    | Launching shard 0 (1 out of 1)...
2021-06-28 12:12:08 | [INFO]    | Shard 0 : Connected to wss://gateway.discord.gg
2021-06-28 12:12:08 | [INFO]    | Shard 0 : Received HELLO
2021-06-28 12:12:10 | [INFO]    | Shard 0 : Received READY
2021-06-28 12:14:09 | [INFO]    | Discordia 2.9.1
2021-06-28 12:14:09 | [INFO]    | Connecting to Discord...
2021-06-28 12:14:10 | [INFO]    | Authenticated as lua_bot#2020
2021-06-28 12:14:10 | [INFO]    | Launching shard 0 (1 out of 1)...
2021-06-28 12:14:10 | [INFO]    | Shard 0 : Connected to wss://gateway.discord.gg
2021-06-28 12:14:10 | [INFO]    | Shard 0 : Received HELLO
2021-06-28 12:14:11 | [INFO]    | Shard 0 : Received READY
2021-06-28 12:14:37 | [INFO]    | Discordia 2.9.1
2021-06-28 12:14:37 | [INFO]    | Connecting to Discord...
2021-06-28 12:14:38 | [INFO]    | Authenticated as lua_bot#2020
2021-06-28 12:14:38 | [INFO]    | Launching shard 0 (1 out of 1)...
2021-06-28 12:14:38 | [INFO]    | Shard 0 : Connected to wss://gateway.discord.gg
2021-06-28 12:14:38 | [INFO]    | Shard 0 : Received HELLO
2021-06-28 12:14:39 | [INFO]    | Shard 0 : Received READY
2021-06-28 12:15:05 | [INFO]    | Discordia 2.9.1
2021-06-28 12:15:05 | [INFO]    | Connecting to Discord...
2021-06-28 12:15:05 | [INFO]    | Authenticated as lua_bot#2020
2021-06-28 12:15:05 | [INFO]    | Launching shard 0 (1 out of 1)...
2021-06-28 12:15:05 | [INFO]    | Shard 0 : Connected to wss://gateway.discord.gg
2021-06-28 12:15:05 | [INFO]    | Shard 0 : Received HELLO
2021-06-28 12:15:06 | [INFO]    | Shard 0 : Received READY
2021-06-28 12:17:45 | [ERROR]   | 403 - Forbidden : PATCH https://discord.com/api/v7/channels/621078747491336214/messages/859029804815745064
2021-06-28 12:18:25 | [INFO]    | Discordia 2.9.1
2021-06-28 12:18:25 | [INFO]    | Connecting to Discord...
2021-06-28 12:18:26 | [INFO]    | Authenticated as lua_bot#2020
2021-06-28 12:18:26 | [INFO]    | Launching shard 0 (1 out of 1)...
2021-06-28 12:18:26 | [INFO]    | Shard 0 : Connected to wss://gateway.discord.gg
2021-06-28 12:18:26 | [INFO]    | Shard 0 : Received HELLO
2021-06-28 12:18:27 | [INFO]    | Shard 0 : Received READY
2021-06-28 12:19:54 | [INFO]    | Discordia 2.9.1
2021-06-28 12:19:54 | [INFO]    | Connecting to Discord...
2021-06-28 12:19:55 | [INFO]    | Authenticated as lua_bot#2020
2021-06-28 12:19:55 | [INFO]    | Launching shard 0 (1 out of 1)...
2021-06-28 12:20:00 | [INFO]    | Shard 0 : Connected to wss://gateway.discord.gg
2021-06-28 12:20:00 | [INFO]    | Shard 0 : Received HELLO
2021-06-28 12:20:00 | [INFO]    | Shard 0 : Received READY
2021-06-28 12:20:39 | [INFO]    | Discordia 2.9.1
2021-06-28 12:20:39 | [INFO]    | Connecting to Discord...
2021-06-28 12:20:40 | [INFO]    | Authenticated as lua_bot#2020
2021-06-28 12:20:40 | [INFO]    | Launching shard 0 (1 out of 1)...
2021-06-28 12:20:40 | [INFO]    | Shard 0 : Connected to wss://gateway.discord.gg
2021-06-28 12:20:40 | [INFO]    | Shard 0 : Received HELLO
2021-06-28 12:20:40 | [INFO]    | Shard 0 : Received READY
2021-06-28 12:32:27 | [INFO]    | Discordia 2.9.1
2021-06-28 12:32:27 | [INFO]    | Connecting to Discord...
2021-06-28 12:32:27 | [INFO]    | Authenticated as lua_bot#2020
2021-06-28 12:32:28 | [INFO]    | Launching shard 0 (1 out of 1)...
2021-06-28 12:32:28 | [INFO]    | Shard 0 : Connected to wss://gateway.discord.gg
2021-06-28 12:32:28 | [INFO]    | Shard 0 : Received HELLO
2021-06-28 12:32:28 | [INFO]    | Shard 0 : Received READY
2021-06-28 12:33:59 | [INFO]    | Discordia 2.9.1
2021-06-28 12:33:59 | [INFO]    | Connecting to Discord...
2021-06-28 12:34:00 | [INFO]    | Authenticated as lua_bot#2020
2021-06-28 12:34:00 | [INFO]    | Launching shard 0 (1 out of 1)...
2021-06-28 12:34:00 | [INFO]    | Shard 0 : Connected to wss://gateway.discord.gg
2021-06-28 12:34:00 | [INFO]    | Shard 0 : Received HELLO
2021-06-28 12:34:01 | [INFO]    | Shard 0 : Received READY
2021-06-28 12:37:12 | [INFO]    | Discordia 2.9.1
2021-06-28 12:37:12 | [INFO]    | Connecting to Discord...
2021-06-28 12:37:13 | [INFO]    | Authenticated as lua_bot#2020
2021-06-28 12:37:13 | [INFO]    | Launching shard 0 (1 out of 1)...
2021-06-28 12:37:13 | [INFO]    | Shard 0 : Connected to wss://gateway.discord.gg
2021-06-28 12:37:13 | [INFO]    | Shard 0 : Received HELLO
2021-06-28 12:37:13 | [INFO]    | Shard 0 : Received READY
2021-06-28 12:38:01 | [INFO]    | Discordia 2.9.1
2021-06-28 12:38:01 | [INFO]    | Connecting to Discord...
2021-06-28 12:38:01 | [INFO]    | Authenticated as lua_bot#2020
2021-06-28 12:38:01 | [INFO]    | Launching shard 0 (1 out of 1)...
2021-06-28 12:38:02 | [INFO]    | Shard 0 : Connected to wss://gateway.discord.gg
2021-06-28 12:38:02 | [INFO]    | Shard 0 : Received HELLO
2021-06-28 12:38:02 | [INFO]    | Shard 0 : Received READY
2021-06-28 12:38:52 | [INFO]    | Discordia 2.9.1
2021-06-28 12:38:52 | [INFO]    | Connecting to Discord...
2021-06-28 12:38:53 | [INFO]    | Authenticated as lua_bot#2020
2021-06-28 12:38:53 | [INFO]    | Launching shard 0 (1 out of 1)...
2021-06-28 12:38:53 | [INFO]    | Shard 0 : Connected to wss://gateway.discord.gg
2021-06-28 12:38:53 | [INFO]    | Shard 0 : Received HELLO
2021-06-28 12:38:53 | [INFO]    | Shard 0 : Received READY
2021-06-28 12:41:31 | [INFO]    | Discordia 2.9.1
2021-06-28 12:41:31 | [INFO]    | Connecting to Discord...
2021-06-28 12:41:32 | [INFO]    | Authenticated as lua_bot#2020
2021-06-28 12:41:32 | [INFO]    | Launching shard 0 (1 out of 1)...
2021-06-28 12:41:32 | [INFO]    | Shard 0 : Connected to wss://gateway.discord.gg
2021-06-28 12:41:32 | [INFO]    | Shard 0 : Received HELLO
2021-06-28 12:41:33 | [INFO]    | Shard 0 : Received READY
2021-06-28 12:43:11 | [INFO]    | Discordia 2.9.1
2021-06-28 12:43:11 | [INFO]    | Connecting to Discord...
2021-06-28 12:43:12 | [INFO]    | Authenticated as lua_bot#2020
2021-06-28 12:43:12 | [INFO]    | Launching shard 0 (1 out of 1)...
2021-06-28 12:43:12 | [INFO]    | Shard 0 : Connected to wss://gateway.discord.gg
2021-06-28 12:43:12 | [INFO]    | Shard 0 : Received HELLO
2021-06-28 12:43:13 | [INFO]    | Shard 0 : Received READY
2021-06-28 12:43:38 | [INFO]    | Discordia 2.9.1
2021-06-28 12:43:38 | [INFO]    | Connecting to Discord...
2021-06-28 12:43:39 | [INFO]    | Authenticated as lua_bot#2020
2021-06-28 12:43:39 | [INFO]    | Launching shard 0 (1 out of 1)...
2021-06-28 12:43:39 | [INFO]    | Shard 0 : Connected to wss://gateway.discord.gg
2021-06-28 12:43:39 | [INFO]    | Shard 0 : Received HELLO
2021-06-28 12:43:40 | [INFO]    | Shard 0 : Received READY
2021-06-28 12:43:59 | [INFO]    | Discordia 2.9.1
2021-06-28 12:43:59 | [INFO]    | Connecting to Discord...
2021-06-28 12:44:00 | [INFO]    | Authenticated as lua_bot#2020
2021-06-28 12:44:00 | [INFO]    | Launching shard 0 (1 out of 1)...
2021-06-28 12:44:00 | [INFO]    | Shard 0 : Connected to wss://gateway.discord.gg
2021-06-28 12:44:00 | [INFO]    | Shard 0 : Received HELLO
2021-06-28 12:44:00 | [INFO]    | Shard 0 : Received READY
2021-06-28 12:44:09 | [INFO]    | Discordia 2.9.1
2021-06-28 12:44:09 | [INFO]    | Connecting to Discord...
2021-06-28 12:44:10 | [INFO]    | Authenticated as lua_bot#2020
2021-06-28 12:44:10 | [INFO]    | Launching shard 0 (1 out of 1)...
2021-06-28 12:44:10 | [INFO]    | Shard 0 : Connected to wss://gateway.discord.gg
2021-06-28 12:44:10 | [INFO]    | Shard 0 : Received HELLO
2021-06-28 12:44:11 | [INFO]    | Shard 0 : Received READY
2021-06-28 12:44:27 | [INFO]    | Discordia 2.9.1
2021-06-28 12:44:27 | [INFO]    | Connecting to Discord...
2021-06-28 12:44:28 | [INFO]    | Authenticated as lua_bot#2020
2021-06-28 12:44:28 | [INFO]    | Launching shard 0 (1 out of 1)...
2021-06-28 12:44:28 | [INFO]    | Shard 0 : Connected to wss://gateway.discord.gg
2021-06-28 12:44:28 | [INFO]    | Shard 0 : Received HELLO
2021-06-28 12:44:28 | [INFO]    | Shard 0 : Received READY
