INFO 11/10/2020, 11:03:23 AM  luanchFromDiffVersion, pre version is undefined
INFO 11/10/2020, 11:03:23 AM  overwriteThemeFolder
INFO 11/10/2020, 11:03:23 AM  ------------------start------------------
INFO 11/10/2020, 11:03:23 AM  typora version: 0.9.96
DEBUG 11/10/2020, 11:03:23 AM  [ '/usr/share/typora/Typora' ]
INFO 11/10/2020, 11:03:23 AM  [Raven] instanceKey = 8456f630-d64c-49bd-9cfd-461ad15d7963
DEBUG 11/10/2020, 11:03:23 AM  app.openFile
INFO 11/10/2020, 11:03:23 AM  [Raven] userId = 65ddfd55-58f1-4fe3-ac9d-c26ecb3f6cff
INFO 11/10/2020, 11:03:23 AM  [focus] 1
INFO 11/10/2020, 11:04:01 AM  ----------------before-quit-----------------
INFO 11/10/2020, 11:04:01 AM  ------------------will-quit------------------
INFO 11/10/2020, 11:05:31 AM  ------------------start------------------
INFO 11/10/2020, 11:05:35 AM  typora version: 0.9.96
DEBUG 11/10/2020, 11:05:36 AM  [ '/usr/share/typora/Typora' ]
INFO 11/10/2020, 11:05:37 AM  [Raven] instanceKey = ce9ae704-3987-43b1-914b-61f3baab57f4
INFO 11/10/2020, 11:05:37 AM  [Raven] userId = 65ddfd55-58f1-4fe3-ac9d-c26ecb3f6cff
DEBUG 11/10/2020, 11:05:38 AM  app.openFile
INFO 11/10/2020, 11:05:39 AM  [focus] 1
INFO 11/10/2020, 11:05:41 AM  [blur] 1
INFO 11/10/2020, 11:05:41 AM  [focus] 1
INFO 11/10/2020, 11:05:53 AM  [blur] 1
INFO 11/10/2020, 11:05:59 AM  [focus] 1
INFO 11/10/2020, 11:07:37 AM  [blur] 1
INFO 11/10/2020, 11:07:37 AM  [focus] 1
INFO 11/10/2020, 11:07:37 AM  [blur] 1
INFO 11/10/2020, 11:07:37 AM  [focus] 1
INFO 11/10/2020, 11:07:37 AM  [blur] 1
INFO 11/10/2020, 11:07:37 AM  [focus] 1
INFO 11/10/2020, 11:07:37 AM  [blur] 1
INFO 11/10/2020, 11:07:37 AM  [focus] 1
INFO 11/10/2020, 11:07:37 AM  [blur] 1
INFO 11/10/2020, 11:07:37 AM  [focus] 1
INFO 11/10/2020, 11:07:37 AM  [blur] 1
INFO 11/10/2020, 11:07:38 AM  [focus] 1
INFO 11/10/2020, 11:08:29 AM  [blur] 1
INFO 11/10/2020, 11:08:29 AM  [focus] 1
INFO 11/10/2020, 11:08:29 AM  [blur] 1
INFO 11/10/2020, 11:08:29 AM  [focus] 1
INFO 11/10/2020, 11:08:29 AM  [blur] 1
INFO 11/10/2020, 11:08:29 AM  [focus] 1
INFO 11/10/2020, 11:08:29 AM  [blur] 1
INFO 11/10/2020, 11:08:29 AM  [focus] 1
INFO 11/10/2020, 11:09:04 AM  [blur] 1
INFO 11/10/2020, 11:09:04 AM  [focus] 1
INFO 11/10/2020, 11:09:07 AM  ----------------before-quit-----------------
INFO 11/10/2020, 11:09:07 AM  ------------------will-quit------------------
INFO 11/10/2020, 11:09:10 AM  ------------------start------------------
INFO 11/10/2020, 11:09:10 AM  typora version: 0.9.96
DEBUG 11/10/2020, 11:09:11 AM  [ '/usr/share/typora/Typora' ]
INFO 11/10/2020, 11:09:11 AM  [Raven] instanceKey = 1bfdfa44-b124-41d1-b62e-627de0dc383f
DEBUG 11/10/2020, 11:09:11 AM  app.openFile
INFO 11/10/2020, 11:09:11 AM  [Raven] userId = 65ddfd55-58f1-4fe3-ac9d-c26ecb3f6cff
INFO 11/10/2020, 11:09:11 AM  [focus] 1
INFO 11/10/2020, 11:09:19 AM  [blur] 1
INFO 11/10/2020, 11:09:20 AM  [focus] 1
INFO 11/10/2020, 11:09:21 AM  [blur] 1
INFO 11/10/2020, 11:09:33 AM  [focus] 1
INFO 11/10/2020, 11:09:38 AM  [blur] 1
INFO 11/10/2020, 11:09:45 AM  [focus] 1
INFO 11/10/2020, 11:10:32 AM  [blur] 1
INFO 11/10/2020, 11:10:32 AM  [focus] 1
INFO 11/10/2020, 11:10:33 AM  ----------------before-quit-----------------
INFO 11/10/2020, 11:10:33 AM  ------------------will-quit------------------
INFO 11/10/2020, 11:10:38 AM  ------------------start------------------
INFO 11/10/2020, 11:10:38 AM  typora version: 0.9.96
DEBUG 11/10/2020, 11:10:38 AM  [ '/usr/share/typora/Typora' ]
INFO 11/10/2020, 11:10:38 AM  [Raven] instanceKey = 0f57b82c-da67-41a9-ae1e-6109b8b1b9fd
DEBUG 11/10/2020, 11:10:38 AM  app.openFile
INFO 11/10/2020, 11:10:38 AM  [Raven] userId = 65ddfd55-58f1-4fe3-ac9d-c26ecb3f6cff
INFO 11/10/2020, 11:10:38 AM  [focus] 1
INFO 11/10/2020, 11:10:49 AM  ----------------before-quit-----------------
INFO 11/10/2020, 11:10:49 AM  ------------------will-quit------------------
INFO 11/10/2020, 11:11:27 AM  ------------------start------------------
INFO 11/10/2020, 11:11:27 AM  typora version: 0.9.96
DEBUG 11/10/2020, 11:11:27 AM  [ '/usr/share/typora/Typora' ]
INFO 11/10/2020, 11:11:27 AM  [Raven] instanceKey = 76dac7c8-0dc8-42f7-b2bd-2e4e07de8e67
DEBUG 11/10/2020, 11:11:27 AM  app.openFile
INFO 11/10/2020, 11:11:27 AM  [Raven] userId = 65ddfd55-58f1-4fe3-ac9d-c26ecb3f6cff
INFO 11/10/2020, 11:11:27 AM  [focus] 1
INFO 11/10/2020, 11:11:36 AM  updateTheme
INFO 11/10/2020, 11:11:37 AM  [blur] 1
INFO 11/10/2020, 11:11:37 AM  [focus] 1
INFO 11/10/2020, 11:11:38 AM  [blur] 1
INFO 11/10/2020, 11:12:13 AM  [focus] 1
INFO 11/10/2020, 11:12:14 AM  ----------------before-quit-----------------
INFO 11/10/2020, 11:12:14 AM  ------------------will-quit------------------
INFO 11/10/2020, 11:14:14 AM  ------------------start------------------
INFO 11/10/2020, 11:14:14 AM  typora version: 0.9.96
DEBUG 11/10/2020, 11:14:14 AM  [ '/usr/share/typora/Typora' ]
INFO 11/10/2020, 11:14:14 AM  [Raven] instanceKey = ff1a6f38-a4c1-484a-bc81-59aaf49cc305
DEBUG 11/10/2020, 11:14:14 AM  app.openFile
INFO 11/10/2020, 11:14:14 AM  [Raven] userId = 65ddfd55-58f1-4fe3-ac9d-c26ecb3f6cff
INFO 11/10/2020, 11:14:14 AM  [focus] 1
INFO 11/10/2020, 11:15:03 AM  ----------------before-quit-----------------
INFO 11/10/2020, 11:15:03 AM  ------------------will-quit------------------
INFO 11/10/2020, 11:23:50 AM  ------------------start------------------
INFO 11/10/2020, 11:23:50 AM  typora version: 0.9.96
DEBUG 11/10/2020, 11:23:50 AM  [ '/usr/share/typora/Typora' ]
INFO 11/10/2020, 11:23:50 AM  [Raven] instanceKey = a43d1953-afdc-4b21-8003-0393b3be81f1
DEBUG 11/10/2020, 11:23:50 AM  app.openFile
INFO 11/10/2020, 11:23:50 AM  [Raven] userId = 65ddfd55-58f1-4fe3-ac9d-c26ecb3f6cff
INFO 11/10/2020, 11:23:50 AM  [focus] 1
INFO 11/10/2020, 11:24:39 AM  ----------------before-quit-----------------
INFO 11/10/2020, 11:24:39 AM  ------------------will-quit------------------
INFO 11/10/2020, 1:08:11 PM  ------------------start------------------
INFO 11/10/2020, 1:08:11 PM  typora version: 0.9.96
DEBUG 11/10/2020, 1:08:11 PM  [ '/usr/share/typora/Typora' ]
INFO 11/10/2020, 1:08:11 PM  [Raven] instanceKey = 3bd1fd67-3142-424a-b8cd-4563436406b5
DEBUG 11/10/2020, 1:08:11 PM  app.openFile
INFO 11/10/2020, 1:08:11 PM  [Raven] userId = 65ddfd55-58f1-4fe3-ac9d-c26ecb3f6cff
INFO 11/10/2020, 1:08:11 PM  [focus] 1
INFO 11/10/2020, 1:08:13 PM  [blur] 1
INFO 11/10/2020, 1:08:13 PM  [focus] 1
INFO 11/10/2020, 1:08:14 PM  ----------------before-quit-----------------
INFO 11/10/2020, 1:08:14 PM  ------------------will-quit------------------
INFO 11/11/2020, 3:49:58 PM  ------------------start------------------
INFO 11/11/2020, 3:49:58 PM  typora version: 0.9.96
DEBUG 11/11/2020, 3:49:58 PM  [ '/usr/share/typora/Typora' ]
INFO 11/11/2020, 3:49:58 PM  [Raven] instanceKey = 624265c2-7e91-4dde-88d8-02b759e1c8b2
INFO 11/11/2020, 3:49:58 PM  [Raven] userId = 65ddfd55-58f1-4fe3-ac9d-c26ecb3f6cff
DEBUG 11/11/2020, 3:49:58 PM  app.openFile
INFO 11/11/2020, 3:49:59 PM  got argv [typora] from secondary instance
DEBUG 11/11/2020, 3:49:59 PM  app.openFile
INFO 11/11/2020, 3:49:59 PM  [focus] 1
INFO 11/11/2020, 3:49:59 PM  [blur] 1
INFO 11/11/2020, 3:49:59 PM  [focus] 2
INFO 11/11/2020, 3:49:59 PM  secondary instance would exit
INFO 11/11/2020, 3:50:00 PM  [blur] 2
INFO 11/11/2020, 3:50:00 PM  [focus] 1
INFO 11/11/2020, 3:50:00 PM  [blur] 1
INFO 11/11/2020, 3:50:00 PM  [focus] 2
INFO 11/11/2020, 3:50:02 PM  [focus] 1
INFO 11/11/2020, 3:50:02 PM  ----------------before-quit-----------------
INFO 11/11/2020, 3:50:02 PM  ------------------will-quit------------------
INFO 11/11/2020, 3:50:04 PM  ------------------start------------------
INFO 11/11/2020, 3:50:04 PM  typora version: 0.9.96
DEBUG 11/11/2020, 3:50:04 PM  [ '/usr/share/typora/Typora' ]
INFO 11/11/2020, 3:50:04 PM  [Raven] instanceKey = 3a7abe18-b113-40b4-86b7-3153abfd1d0f
DEBUG 11/11/2020, 3:50:04 PM  app.openFile
INFO 11/11/2020, 3:50:04 PM  [Raven] userId = 65ddfd55-58f1-4fe3-ac9d-c26ecb3f6cff
INFO 11/11/2020, 3:50:04 PM  [focus] 1
INFO 11/11/2020, 3:50:20 PM  [blur] 1
DEBUG 11/11/2020, 3:50:47 PM  false
INFO 11/11/2020, 3:50:47 PM  addRecentDocument
INFO 11/11/2020, 3:50:49 PM  [focus] 1
INFO 11/11/2020, 3:51:11 PM  [blur] 1
INFO 11/11/2020, 3:51:12 PM  [focus] 1
INFO 11/11/2020, 3:51:18 PM  [blur] 1
INFO 11/11/2020, 3:51:21 PM  [focus] 1
INFO 11/11/2020, 3:51:22 PM  [blur] 1
INFO 11/11/2020, 3:51:22 PM  [focus] 1
INFO 11/11/2020, 3:51:23 PM  [blur] 1
INFO 11/11/2020, 3:51:35 PM  [focus] 1
INFO 11/11/2020, 3:51:35 PM  [blur] 1
INFO 11/11/2020, 3:51:36 PM  [focus] 1
INFO 11/11/2020, 3:51:37 PM  [blur] 1
INFO 11/11/2020, 3:51:37 PM  [focus] 1
INFO 11/11/2020, 3:51:37 PM  [blur] 1
INFO 11/11/2020, 3:51:38 PM  [focus] 1
INFO 11/11/2020, 3:51:38 PM  [blur] 1
INFO 11/11/2020, 3:51:39 PM  [focus] 1
INFO 11/11/2020, 3:51:39 PM  [blur] 1
INFO 11/11/2020, 3:52:06 PM  [focus] 1
INFO 11/11/2020, 3:52:13 PM  ----------------before-quit-----------------
INFO 11/11/2020, 3:52:13 PM  ------------------will-quit------------------
INFO 11/11/2020, 4:02:22 PM  ------------------start------------------
INFO 11/11/2020, 4:02:22 PM  typora version: 0.9.96
DEBUG 11/11/2020, 4:02:22 PM  [ '/usr/share/typora/Typora' ]
INFO 11/11/2020, 4:02:22 PM  [Raven] instanceKey = f5cf1678-d4f2-46d5-b229-50f1c10ca046
DEBUG 11/11/2020, 4:02:23 PM  app.openFile
INFO 11/11/2020, 4:02:23 PM  [Raven] userId = 65ddfd55-58f1-4fe3-ac9d-c26ecb3f6cff
INFO 11/11/2020, 4:02:23 PM  [focus] 1
INFO 11/11/2020, 4:02:29 PM  [blur] 1
DEBUG 11/11/2020, 4:02:31 PM  false
INFO 11/11/2020, 4:02:31 PM  addRecentDocument
INFO 11/11/2020, 4:02:31 PM  [focus] 1
INFO 11/11/2020, 4:02:40 PM  [blur] 1
INFO 11/11/2020, 4:02:41 PM  [focus] 1
INFO 11/11/2020, 4:02:58 PM  ----------------before-quit-----------------
INFO 11/11/2020, 4:02:58 PM  ------------------will-quit------------------
INFO 11/11/2020, 5:44:02 PM  ------------------start------------------
INFO 11/11/2020, 5:44:02 PM  typora version: 0.9.96
DEBUG 11/11/2020, 5:44:02 PM  [ '/usr/share/typora/Typora' ]
INFO 11/11/2020, 5:44:02 PM  [Raven] instanceKey = 29bcedef-691b-492d-ae71-a4a1da6b1efc
INFO 11/11/2020, 5:44:02 PM  [Raven] userId = 65ddfd55-58f1-4fe3-ac9d-c26ecb3f6cff
DEBUG 11/11/2020, 5:44:02 PM  app.openFile
INFO 11/11/2020, 5:44:03 PM  [focus] 1
INFO 11/11/2020, 5:44:50 PM  ----------------before-quit-----------------
INFO 11/11/2020, 5:44:50 PM  ------------------will-quit------------------
INFO 11/11/2020, 8:37:07 PM  ------------------start------------------
INFO 11/11/2020, 8:37:07 PM  typora version: 0.9.96
DEBUG 11/11/2020, 8:37:08 PM  [ '/usr/share/typora/Typora' ]
INFO 11/11/2020, 8:37:08 PM  [Raven] instanceKey = bd1d0632-2692-433f-b63a-e4b3ec54a40f
INFO 11/11/2020, 8:37:08 PM  [Raven] userId = 65ddfd55-58f1-4fe3-ac9d-c26ecb3f6cff
DEBUG 11/11/2020, 8:37:08 PM  app.openFile
INFO 11/11/2020, 8:37:08 PM  [focus] 1
INFO 11/11/2020, 8:38:09 PM  ----------------before-quit-----------------
INFO 11/11/2020, 8:38:09 PM  ------------------will-quit------------------
