Arguments: 
  /usr/local/bin/node /usr/local/bin/yarn add typescript @types/node eslint @typescript/eslint-plugin

PATH: 
  /home/momofor/go/bin:/home/momofor/.other/programs/bin:/home/momofor/premake-core/bin/release/:/home/momofor/.platformio/penv/bin:/home/momofor/.platformio/penv/bin/platformio:/home/momofor/.cargo/bin/:/home/momofor/.other/programs/my-programs:/home/momofor/go/bin:/home/momofor/.other/programs/bin:/home/momofor/premake-core/bin/release/:/home/momofor/.platformio/penv/bin:/home/momofor/.nix-profile/bin:/home/momofor/.local/share/umake/bin:/home/momofor/.local/bin:/usr/local/sbin:/usr/local/bin:/usr/sbin:/usr/bin:/sbin:/bin:/usr/games:/usr/local/games:/snap/bin:/home/momofor/.dotnet/tools

Yarn version: 
  1.22.10

Node version: 
  14.15.1

Platform: 
  linux x64

Trace: 
  Error: https://registry.yarnpkg.com/@typescript%2feslint-plugin: Not found
      at Request.params.callback [as _callback] (/usr/local/lib/node_modules/yarn/lib/cli.js:66988:18)
      at Request.self.callback (/usr/local/lib/node_modules/yarn/lib/cli.js:140662:22)
      at Request.emit (events.js:315:20)
      at Request.<anonymous> (/usr/local/lib/node_modules/yarn/lib/cli.js:141634:10)
      at Request.emit (events.js:315:20)
      at IncomingMessage.<anonymous> (/usr/local/lib/node_modules/yarn/lib/cli.js:141556:12)
      at Object.onceWrapper (events.js:421:28)
      at IncomingMessage.emit (events.js:327:22)
      at endReadableNT (_stream_readable.js:1327:12)
      at processTicksAndRejections (internal/process/task_queues.js:80:21)

npm manifest: 
  {
    "name": "tamperMonkeyScripts",
    "version": "1.0.0",
    "main": "index.js",
    "license": "MIT"
  }

yarn manifest: 
  No manifest

Lockfile: 
  No lockfile
